  using 8 OpenMP thread(s) per MPI task
using multi-threaded neighbor list subroutines
Created orthogonal box = (-25 -5 -25) to (25 5 25)
  1 by 1 by 1 MPI processor grid
Created 200 atoms
  using lattice units in orthogonal box = (-25 -5 -25) to (25 5 25)
  create_atoms CPU = 0.003 seconds
Generated 0 of 0 mixed pair_coeff terms from geometric mixing rule
Last active /omp style is pair_style lj/cut/omp
Neighbor list info ...
  update: every = 1 steps, delay = 0 steps, check = yes
  max neighbors/atom: 2000, page size: 100000
  master list distance cutoff = 5.822
  ghost atom cutoff = 5.822
  binsize = 2.911, bins = 18 4 18
  1 neighbor lists, perpetual/occasional/extra = 1 0 0
  (1) pair lj/cut/omp, perpetual
      attributes: half, newton on, omp
      pair build: half/bin/newton/atomonly/omp
      stencil: half/bin/3d
      bin: standard
Setting up Verlet run ...
  Unit style    : real
  Current step  : 0
  Time step     : 2
Per MPI rank memory allocation (min/avg/max) = 9.757 | 9.757 | 9.757 Mbytes
   Step          Temp          TotEng       v_n_center  
         0   0              54.460837      32           
     10000   122.14327      77.979929      21           
     20000   138.94706      86.877771      19           
     30000   122.95745      80.656557      16           
     40000   133.65934      88.62149       16           
     50000   117.76877      76.518331      19           
     60000   121.19999      78.106119      19           
     70000   119.14118      77.727019      12           
     80000   119.4531       77.060947      12           
     90000   116.40596      75.287607      15           
    100000   114.68552      73.755038      12           
    110000   111.70142      74.099913      11           
    120000   120.17645      80.403679      12           
    130000   114.9242       76.841779      5            
    140000   128.5187       81.311624      6            
    150000   118.46463      78.484785      8            
    160000   120.19295      78.193128      8            
    170000   123.49694      78.736101      7            
    180000   117.48934      78.560995      6            
    190000   128.5392       82.641423      7            
    200000   118.781        78.365738      10           
    210000   120.36597      77.768105      9            
    220000   122.97476      79.516883      5            
    230000   126.79703      85.329969      7            
    240000   121.98142      84.065611      5            
    250000   128.12054      83.742457      7            
    260000   122.35695      82.639372      6            
    270000   117.43415      76.390467      6            
    280000   128.82343      82.259788      4            
    290000   122.93975      79.009886      5            
    300000   119.06313      79.991248      4            
    310000   121.11884      80.468539      5            
    320000   112.64647      72.230305      5            
    330000   112.70913      73.139303      3            
    340000   123.35249      80.777804      4            
    350000   131.19253      84.091003      8            
    360000   116.00155      77.254475      7            
    370000   126.13016      79.993674      10           
    380000   117.71859      76.614607      9            
    390000   105.45349      69.913141      6            
    400000   110.01201      69.704486      7            
    410000   129.49701      84.95239       4            
    420000   111.53941      73.907095      5            
    430000   110.3346       73.729576      4            
    440000   123.39644      79.19045       5            
    450000   115.93244      75.74544       3            
    460000   112.78872      71.285665      6            
    470000   121.77082      78.69721       9            
    480000   115.47586      75.982966      7            
    490000   116.68558      77.072102      6            
    500000   121.75177      80.850447      9            
Loop time of 59.3762 on 8 procs for 500000 steps with 200 atoms

Performance: 1455.128 ns/day, 0.016 hours/ns, 8420.879 timesteps/s, 1.684 Matom-step/s
821.3% CPU use with 1 MPI tasks x 8 OpenMP threads

MPI task timing breakdown:
Section |  min time  |  avg time  |  max time  |%varavg| %total
---------------------------------------------------------------
Pair    | 4.7542     | 4.7542     | 4.7542     |   0.0 |  8.01
Neigh   | 0.099374   | 0.099374   | 0.099374   |   0.0 |  0.17
Comm    | 1.6009     | 1.6009     | 1.6009     |   0.0 |  2.70
Output  | 0.14818    | 0.14818    | 0.14818    |   0.0 |  0.25
Modify  | 52.341     | 52.341     | 52.341     |   0.0 | 88.15
Other   |            | 0.4327     |            |       |  0.73

Nlocal:            200 ave         200 max         200 min
Histogram: 1 0 0 0 0 0 0 0 0 0
Nghost:            476 ave         476 max         476 min
Histogram: 1 0 0 0 0 0 0 0 0 0
Neighs:            687 ave         687 max         687 min
Histogram: 1 0 0 0 0 0 0 0 0 0

Total # of neighbors = 687
Ave neighs/atom = 3.435
Neighbor list builds = 2801
Dangerous builds = 0
Generated 0 of 0 mixed pair_coeff terms from geometric mixing rule
Last active /omp style is pair_style lj/cut/omp
Setting up Verlet run ...
  Unit style    : real
  Current step  : 0
  Time step     : 2
Per MPI rank memory allocation (min/avg/max) = 10.27 | 10.27 | 10.27 Mbytes
   Step          Temp          TotEng       v_n_center  
         0   121.75177      80.850447      9            
     10000   130.42812      83.520925      9            
     20000   119.74763      75.724025      9            
     30000   107.25841      69.512875      9            
     40000   126.43731      80.38024       9            
     50000   118.32146      78.216159      10           
     60000   108.53535      71.509333      11           
     70000   127.8726       82.546861      8            
     80000   125.08505      79.796349      8            
     90000   121.94964      80.95913       9            
    100000   112.79323      73.58699       8            
    110000   131.50275      81.668391      9            
    120000   110.08857      73.191487      6            
    130000   128.57973      81.684283      5            
    140000   118.02791      77.678034      7            
    150000   117.3522       78.34466       10           
    160000   119.22819      77.103533      8            
    170000   127.02605      82.499236      8            
    180000   114.8946       75.617721      7            
    190000   128.75154      82.738396      9            
    200000   112.63962      74.222258      8            
    210000   108.68038      70.896253      7            
    220000   129.70327      88.109426      6            
    230000   116.33075      76.041207      6            
    240000   125.6013       81.578708      5            
    250000   111.12165      75.773331      7            
    260000   125.27224      79.956001      7            
    270000   118.4111       78.097709      9            
    280000   130.33272      81.811263      9            
    290000   114.71751      73.79201       10           
    300000   129.77368      82.310242      9            
    310000   124.65644      80.145528      9            
    320000   136.67302      88.245544      10           
    330000   119.52266      77.017466      15           
    340000   129.96607      83.436282      11           
    350000   120.03374      81.732616      9            
    360000   114.63065      75.689968      7            
    370000   125.24629      82.989092      6            
    380000   122.58675      81.398614      4            
    390000   125.71036      82.04617       6            
    400000   118.3982       78.468016      10           
    410000   127.0328       82.132381      7            
    420000   128.6117       84.014732      6            
    430000   115.07046      75.194949      10           
    440000   132.45901      86.570907      8            
    450000   124.29507      79.58201       9            
    460000   129.89393      83.953158      10           
    470000   123.06857      78.442224      9            
    480000   116.82885      78.019622      9            
    490000   120.90863      77.226905      7            
    500000   115.29469      73.725511      7            
    510000   112.06754      74.18435       10           
    520000   124.3908       79.107153      10           
    530000   122.05175      77.678597      11           
    540000   113.57148      73.586289      9            
    550000   118.20143      76.583173      5            
    560000   122.29997      80.295939      8            
    570000   134.70133      87.114809      6            
    580000   137.46137      86.649548      8            
    590000   122.65732      78.781312      9            
    600000   127.17215      82.487228      9            
    610000   120.03952      76.297876      12           
    620000   126.36883      80.172164      14           
    630000   123.37677      80.82749       13           
    640000   121.71001      78.666872      10           
    650000   114.57767      75.190802      10           
    660000   126.88996      83.258003      9            
    670000   121.25315      78.194497      9            
    680000   121.54527      77.206682      9            
    690000   125.06269      80.687152      8            
    700000   119.23677      77.743495      9            
    710000   111.6096       70.173013      11           
    720000   118.87738      78.452641      13           
    730000   123.17667      79.534284      13           
    740000   111.48211      73.161616      11           
    750000   114.99864      76.928949      11           
    760000   117.36749      77.658407      7            
    770000   125.28174      80.478467      8            
    780000   105.33902      68.542994      8            
    790000   119.41938      76.449021      9            
    800000   117.97657      75.426841      11           
    810000   118.85412      77.604539      11           
    820000   115.43742      74.818886      8            
    830000   122.06112      78.004153      8            
    840000   130.35047      87.008069      8            
    850000   109.5637       72.008172      5            
    860000   109.97403      70.390283      8            
    870000   126.10202      82.960219      9            
    880000   113.1243       72.428571      7            
    890000   129.56119      82.590505      6            
    900000   120.55759      76.828205      7            
    910000   129.10766      83.508641      6            
    920000   116.99546      77.06513       7            
    930000   110.35806      72.276526      5            
    940000   115.94663      75.895545      6            
    950000   132.63334      83.819952      8            
    960000   121.60798      78.121243      7            
    970000   118.15993      79.391204      6            
    980000   111.95408      74.662345      9            
    990000   120.3353       76.951985      8            
   1000000   125.96887      80.683         9            
   1010000   121.58101      80.088601      6            
   1020000   125.56993      84.060731      6            
   1030000   129.55596      84.031212      7            
   1040000   128.97899      86.443205      8            
   1050000   110.07884      75.871874      8            
   1060000   102.37402      68.208184      4            
   1070000   133.09299      85.822811      4            
   1080000   111.82308      72.185152      7            
   1090000   121.89856      76.776213      6            
   1100000   124.96504      82.498831      7            
   1110000   123.1224       80.758769      6            
   1120000   125.54495      81.164402      7            
   1130000   122.79958      79.837754      10           
   1140000   128.48987      84.319571      12           
   1150000   114.17889      74.234102      11           
   1160000   116.86591      75.841534      10           
   1170000   117.84417      75.821818      7            
   1180000   113.60595      73.966651      8            
   1190000   104.80335      68.840273      9            
   1200000   117.42188      78.890053      6            
   1210000   136.04196      88.115866      6            
   1220000   129.91728      86.711408      6            
   1230000   124.26861      83.037576      5            
   1240000   121.27151      79.144365      7            
   1250000   127.34931      85.745782      4            
   1260000   122.44675      78.653202      3            
   1270000   122.89467      80.495122      6            
   1280000   130.62376      84.738379      5            
   1290000   118.91511      78.89468       10           
   1300000   126.54701      82.182524      8            
   1310000   118.42017      77.301074      9            
   1320000   107.42161      70.201281      6            
   1330000   129.03992      82.330759      7            
   1340000   115.76879      76.584043      5            
   1350000   133.96324      86.803115      5            
   1360000   122.57577      79.878408      8            
   1370000   131.78607      86.248296      4            
   1380000   129.46783      82.513831      6            
   1390000   120.01167      77.803166      7            
   1400000   128.5197       85.989865      7            
   1410000   122.80531      79.014214      8            
   1420000   108.8667       72.769711      5            
   1430000   114.91546      74.768258      6            
   1440000   125.97059      81.04587       2            
   1450000   121.79554      78.717757      5            
   1460000   110.36042      73.288793      3            
   1470000   134.54848      88.882667      4            
   1480000   112.8213       73.284454      5            
   1490000   111.37648      71.137284      6            
   1500000   106.2503       68.981444      9            
   1510000   113.73494      74.823714      9            
   1520000   121.8649       79.330568      9            
   1530000   122.52414      80.602704      11           
   1540000   130.90307      82.555983      8            
   1550000   112.12031      74.575194      11           
   1560000   121.30067      78.92285       11           
   1570000   113.57724      72.511053      13           
   1580000   130.24977      87.171843      10           
   1590000   113.84502      76.054204      9            
   1600000   132.36284      86.865669      8            
   1610000   126.99338      82.4336        8            
   1620000   119.20861      78.567108      9            
   1630000   116.37157      78.345726      10           
   1640000   112.09299      71.365627      11           
   1650000   118.50531      76.279232      9            
   1660000   126.24471      81.841301      10           
   1670000   113.94982      72.367779      11           
   1680000   129.24417      83.289124      13           
   1690000   122.53452      80.136827      13           
   1700000   116.98813      75.348745      15           
   1710000   118.93463      75.053054      9            
   1720000   122.42552      77.909397      9            
   1730000   131.05297      83.958287      7            
   1740000   128.52035      81.379644      9            
   1750000   122.57449      80.128892      7            
   1760000   113.3326       74.40425       9            
   1770000   121.20202      80.236707      9            
   1780000   112.81271      75.432234      5            
   1790000   129.19036      82.656089      4            
   1800000   111.36978      73.954444      5            
   1810000   114.76598      73.795416      7            
   1820000   127.28842      83.847893      5            
   1830000   113.5476       74.468355      5            
   1840000   121.72524      79.84348       5            
   1850000   116.58538      75.9356        1            
   1860000   110.70032      72.28845       2            
   1870000   118.61389      76.748573      2            
   1880000   126.14695      83.844556      6            
   1890000   120.8795       78.137834      4            
   1900000   119.03564      76.903318      4            
   1910000   119.5174       77.708495      5            
   1920000   124.19118      81.885551      8            
   1930000   120.03359      79.13435       5            
   1940000   118.17682      78.001663      5            
   1950000   123.79873      82.629616      7            
   1960000   114.24046      74.691683      6            
   1970000   114.89272      72.708042      8            
   1980000   126.06214      83.019084      7            
   1990000   118.11219      74.952296      9            
   2000000   114.84476      73.565326      9            
   2010000   114.62751      74.90062       10           
   2020000   114.62219      72.787957      6            
   2030000   117.37503      78.181976      5            
   2040000   116.89677      77.331344      5            
   2050000   123.67399      82.100443      9            
   2060000   117.61657      78.579165      7            
   2070000   123.29931      81.016618      7            
   2080000   130.10442      83.880542      9            
   2090000   118.71245      79.120253      11           
   2100000   127.0635       79.851378      9            
   2110000   106.04428      71.982172      12           
   2120000   128.53668      83.32457       8            
   2130000   123.0903       81.207709      11           
   2140000   100.15405      67.918414      9            
   2150000   115.75846      76.16352       10           
   2160000   123.79273      80.170609      10           
   2170000   115.39861      78.104905      6            
   2180000   120.5294       75.887405      6            
   2190000   112.95507      74.857848      9            
   2200000   120.52439      75.766926      7            
   2210000   116.27029      73.856773      10           
   2220000   109.84543      73.152294      8            
   2230000   120.05311      78.81501       6            
   2240000   119.75269      76.99848       8            
   2250000   117.8959       77.396827      8            
   2260000   123.13397      79.236404      9            
   2270000   108.28273      70.664867      7            
   2280000   124.01554      80.115974      9            
   2290000   123.65605      79.586048      8            
   2300000   114.86465      74.199339      11           
   2310000   110.40951      69.945852      8            
   2320000   130.34152      84.070154      9            
   2330000   122.50572      80.112687      4            
   2340000   127.63477      82.141299      9            
   2350000   122.15472      78.381795      7            
   2360000   115.86517      74.435012      5            
   2370000   126.11858      82.851114      8            
   2380000   123.1154       78.89611       3            
   2390000   121.13976      79.544569      2            
   2400000   119.19724      78.631329      5            
   2410000   116.00045      76.289681      5            
   2420000   119.70314      76.482803      7            
   2430000   108.35755      70.723385      7            
   2440000   110.16028      73.134655      8            
   2450000   113.03305      73.461105      7            
   2460000   113.72318      74.552219      10           
   2470000   121.62866      78.80647       8            
   2480000   120.13432      81.634093      8            
   2490000   129.78166      83.711546      7            
   2500000   120.39811      78.544819      6            
   2510000   109.442        74.518727      5            
   2520000   109.0745       71.680395      6            
   2530000   127.65136      81.721838      7            
   2540000   111.59439      71.304668      7            
   2550000   122.13513      79.824292      8            
   2560000   128.25673      81.889423      6            
   2570000   123.20662      80.204961      9            
   2580000   123.60027      80.397386      8            
   2590000   120.92596      78.493489      4            
   2600000   108.99055      72.343275      7            
   2610000   130.65281      85.438332      8            
   2620000   131.79576      84.445117      10           
   2630000   116.33781      75.698959      9            
   2640000   107.69406      70.734693      9            
   2650000   109.31594      72.831736      7            
   2660000   114.7604       75.015862      9            
   2670000   115.54415      74.326618      9            
   2680000   108.28518      70.478272      9            
   2690000   119.17616      78.52798       11           
   2700000   118.83494      75.89438       11           
   2710000   119.37037      78.466399      12           
   2720000   119.65653      79.872569      6            
   2730000   118.30067      76.063695      7            
   2740000   117.95241      80.610548      8            
   2750000   121.11195      78.262643      9            
   2760000   117.55265      79.309897      5            
   2770000   120.19341      78.9786        10           
   2780000   125.39854      81.403844      7            
   2790000   123.56508      80.636674      7            
   2800000   118.48334      78.060066      6            
   2810000   114.41192      75.193025      7            
   2820000   114.73687      78.7503        8            
   2830000   123.34356      80.746891      5            
   2840000   111.26166      72.570213      4            
   2850000   115.9668       77.147337      8            
   2860000   123.15865      78.465656      8            
   2870000   117.55425      77.873002      6            
   2880000   126.80016      80.57519       6            
   2890000   119.46251      76.115054      7            
   2900000   119.78655      77.105404      8            
   2910000   116.80406      75.733574      8            
   2920000   113.97613      72.642914      9            
   2930000   125.47627      81.055331      9            
   2940000   130.45106      83.895433      11           
   2950000   118.56754      77.779201      8            
   2960000   121.13381      77.364562      10           
   2970000   119.97078      78.075486      7            
   2980000   127.66485      83.630212      8            
   2990000   126.33101      83.631967      6            
   3000000   122.76642      82.487314      6            
   3010000   113.47123      73.375861      8            
   3020000   119.22232      76.589332      4            
   3030000   116.88319      76.312545      5            
   3040000   108.34418      71.234834      7            
   3050000   119.00712      78.027004      8            
   3060000   120.32465      80.712041      7            
   3070000   117.39166      75.872385      8            
   3080000   115.83007      74.033142      5            
   3090000   124.17753      79.067484      6            
   3100000   118.53894      77.727993      7            
   3110000   135.99357      89.407717      10           
   3120000   126.89574      79.801821      9            
   3130000   114.03245      74.387728      10           
   3140000   127.02537      83.136802      12           
   3150000   127.917        82.160179      5            
   3160000   118.39489      73.930456      8            
   3170000   122.41423      77.421413      9            
   3180000   124.0423       82.157591      9            
   3190000   123.2987       82.529983      11           
   3200000   112.65176      73.211142      8            
   3210000   109.52368      74.726747      8            
   3220000   130.90194      84.256008      10           
   3230000   118.90979      76.467561      6            
   3240000   117.58043      76.920485      10           
   3250000   131.49583      86.80529       10           
   3260000   120.9214       79.421992      13           
   3270000   124.30271      80.214311      10           
   3280000   116.49708      75.318231      8            
   3290000   121.90394      79.574294      10           
   3300000   124.26051      83.719998      9            
   3310000   121.2488       80.037769      9            
   3320000   115.89397      76.11676       6            
   3330000   124.37034      82.582585      9            
   3340000   112.60946      73.430257      9            
   3350000   108.20434      73.265399      9            
   3360000   126.68114      79.901702      7            
   3370000   116.77402      76.455383      9            
   3380000   116.65576      75.164414      8            
   3390000   115.0217       73.854385      7            
   3400000   118.53817      77.563623      11           
   3410000   114.89229      74.31745       8            
   3420000   119.52684      76.353483      8            
   3430000   112.49727      74.076642      10           
   3440000   129.46053      83.09877       8            
   3450000   117.94398      75.867         8            
   3460000   115.05845      75.648795      8            
   3470000   124.38004      78.701216      9            
   3480000   117.50931      75.7364        10           
   3490000   116.30073      75.072649      12           
   3500000   111.6219       73.270661      11           
   3510000   117.88056      76.286428      11           
   3520000   118.39023      77.801836      6            
   3530000   128.79178      84.548636      5            
   3540000   113.29947      75.564476      6            
   3550000   112.3308       72.641073      7            
   3560000   133.6284       84.93425       8            
   3570000   126.80802      80.764041      7            
   3580000   114.52628      78.316786      5            
   3590000   119.71355      77.185919      5            
   3600000   121.85608      82.023118      7            
   3610000   112.74783      73.099872      11           
   3620000   117.74015      77.703056      10           
   3630000   121.66737      78.886672      7            
   3640000   129.57345      85.469639      8            
   3650000   130.91074      83.969012      7            
   3660000   127.58103      80.692228      3            
   3670000   135.55325      89.659999      5            
   3680000   122.94142      83.736871      8            
   3690000   119.32994      79.236541      5            
   3700000   131.00522      85.447717      7            
   3710000   120.35736      79.589355      7            
   3720000   130.13921      85.417262      5            
   3730000   119.29016      80.517303      9            
   3740000   112.2989       72.623227      9            
   3750000   122.59459      79.029316      7            
   3760000   127.47991      80.023758      9            
   3770000   121.01422      78.174172      7            
   3780000   126.82574      82.367057      8            
   3790000   109.00111      73.162605      11           
   3800000   118.46243      75.770723      7            
   3810000   113.33331      72.073006      5            
   3820000   119.06404      76.14332       8            
   3830000   115.1197       75.00783       6            
   3840000   112.40126      73.179264      7            
   3850000   119.81521      76.889246      9            
   3860000   112.85954      74.149255      7            
   3870000   121.08593      78.10648       8            
   3880000   116.51274      76.560448      7            
   3890000   114.65747      73.569407      9            
   3900000   116.57209      77.61873       7            
   3910000   115.62239      76.134825      6            
   3920000   124.95901      81.60412       10           
   3930000   117.56861      76.892351      8            
   3940000   121.83235      80.2356        7            
   3950000   129.05687      83.214542      9            
   3960000   112.69003      77.333403      9            
   3970000   124.97595      82.350684      9            
   3980000   121.33173      77.682211      7            
   3990000   115.3645       74.661954      7            
   4000000   117.74386      76.384507      6            
Loop time of 488.416 on 8 procs for 4000000 steps with 200 atoms

Performance: 1415.187 ns/day, 0.017 hours/ns, 8189.739 timesteps/s, 1.638 Matom-step/s
827.3% CPU use with 1 MPI tasks x 8 OpenMP threads

MPI task timing breakdown:
Section |  min time  |  avg time  |  max time  |%varavg| %total
---------------------------------------------------------------
Pair    | 41.123     | 41.123     | 41.123     |   0.0 |  8.42
Neigh   | 0.83397    | 0.83397    | 0.83397    |   0.0 |  0.17
Comm    | 14.489     | 14.489     | 14.489     |   0.0 |  2.97
Output  | 1.1865     | 1.1865     | 1.1865     |   0.0 |  0.24
Modify  | 426.93     | 426.93     | 426.93     |   0.0 | 87.41
Other   |            | 3.858      |            |       |  0.79

Nlocal:            200 ave         200 max         200 min
Histogram: 1 0 0 0 0 0 0 0 0 0
Nghost:            460 ave         460 max         460 min
Histogram: 1 0 0 0 0 0 0 0 0 0
Neighs:            657 ave         657 max         657 min
Histogram: 1 0 0 0 0 0 0 0 0 0

Total # of neighbors = 657
Ave neighs/atom = 3.285
Neighbor list builds = 22449
Dangerous builds = 0
