  using 8 OpenMP thread(s) per MPI task
using multi-threaded neighbor list subroutines
Reading data file ...
  orthogonal box = (-40 -40 -40) to (40 40 40)
  1 by 1 by 1 MPI processor grid
  reading atoms ...
  700 atoms
  scanning bonds ...
  3 = max bonds/atom
  scanning angles ...
  3 = max angles/atom
  scanning dihedrals ...
  12 = max dihedrals/atom
  scanning impropers ...
  3 = max impropers/atom
  orthogonal box = (-40 -40 -40) to (40 40 40)
  1 by 1 by 1 MPI processor grid
  reading bonds ...
  1035 bonds
  reading angles ...
  2040 angles
  reading dihedrals ...
  4030 dihedrals
  reading impropers ...
  670 impropers
Finding 1-2 1-3 1-4 neighbors ...
  special bond factors lj:    0        0        0.5     
  special bond factors coul:  0        0        0       
     3 = max # of 1-2 neighbors
     6 = max # of 1-3 neighbors
    18 = max # of 1-4 neighbors
    18 = max # of special neighbors
  special bonds CPU = 0.001 seconds
  read_data CPU = 0.070 seconds
700 atoms in group carbon_atoms
10 atoms in group cnt_top
10 atoms in group cnt_bot
680 atoms in group cnt_mid
Setting atom values ...
  10 settings made for mol
Setting atom values ...
  10 settings made for mol
Setting atom values ...
  680 settings made for mol
630 atoms in group rdel
Deleted 8 atoms, new total = 692
Deleted 24 bonds, new total = 1011
Deleted 71 angles, new total = 1969
Deleted 187 dihedrals, new total = 3843
Deleted 31 impropers, new total = 639
Resetting atom IDs ...
Generated 0 of 0 mixed pair_coeff terms from geometric mixing rule
Last active /omp style is improper_style harmonic/omp
Neighbor list info ...
  update: every = 1 steps, delay = 0 steps, check = yes
  max neighbors/atom: 2000, page size: 100000
  master list distance cutoff = 16
  ghost atom cutoff = 16
  binsize = 8, bins = 10 10 10
  1 neighbor lists, perpetual/occasional/extra = 1 0 0
  (1) pair lj/cut/omp, perpetual
      attributes: half, newton on, omp
      pair build: half/bin/newton/omp
      stencil: half/bin/3d
      bin: standard
Finding 1-2 1-3 1-4 neighbors ...
  special bond factors lj:    0        0        0.5     
  special bond factors coul:  0        0        0       
     3 = max # of 1-2 neighbors
     6 = max # of 1-3 neighbors
    18 = max # of 1-4 neighbors
    18 = max # of special neighbors
  special bonds CPU = 0.001 seconds
Generated 0 of 0 mixed pair_coeff terms from geometric mixing rule
Last active /omp style is improper_style harmonic/omp
Setting up Verlet run ...
  Unit style    : real
  Current step  : 0
  Time step     : 1
Per MPI rank memory allocation (min/avg/max) = 19.06 | 19.06 | 19.06 Mbytes
---
keywords: ['Step', 'Temp', 'TotEng', 'v_Lcnt', 'v_Fcnt', ]
data:
WARNING: Too many warnings: 141 vs 100. All future warnings will be suppressed (src/thermo.cpp:478)
  - [0, 300, 3412.16981473261, 55.472, -224.394250839669, ]
  - [100, 221.773357881913, 3476.63853925957, 55.472, -318.038601558506, ]
  - [200, 253.58009336281, 3568.41860213324, 55.472, 45.5236195278587, ]
  - [300, 282.186407241041, 3663.06432275201, 55.472, -165.786621192364, ]
  - [400, 285.656273034365, 3748.17025393559, 55.472, -177.773096625145, ]
  - [500, 304.869322942649, 3808.46055810364, 55.472, 34.1760672070359, ]
  - [600, 323.828023243113, 3825.93708514174, 55.472, -135.594037953797, ]
  - [700, 311.926860216762, 3791.14292578019, 55.472, 36.8507156544296, ]
  - [800, 285.864140678114, 3741.48350567031, 55.472, -47.2978460190105, ]
  - [900, 275.984844728223, 3723.57142221385, 55.472, -79.8532045250804, ]
  - [1000, 291.963282517167, 3749.13694591987, 55.472, -186.602351054684, ]
  - [1100, 295.038690907004, 3788.16930861387, 55.472, 155.831220531248, ]
  - [1200, 305.629761090964, 3803.14665898436, 55.472, -197.52455242068, ]
  - [1300, 293.98810051456, 3780.90380883794, 55.472, -73.7521618063094, ]
  - [1400, 303.597033928588, 3751.8769965585, 55.472, -124.232968335597, ]
  - [1500, 297.23210105082, 3737.10843661351, 55.472, -133.08650899693, ]
  - [1600, 297.652052685375, 3751.25462534163, 55.472, -185.108500654727, ]
  - [1700, 306.3812572217, 3794.25550578679, 55.472, -137.887140416254, ]
  - [1800, 310.968736081556, 3798.77092681626, 55.472, -238.411576007373, ]
  - [1900, 310.124082071635, 3779.18571081444, 55.472, -203.637691856396, ]
  - [2000, 288.904839782766, 3764.45136062235, 55.472, -67.0543157244609, ]
  - [2100, 294.541892322161, 3762.73857725538, 55.472, -87.4981494648609, ]
  - [2200, 292.973789483977, 3767.62415503951, 55.472, -168.238529756696, ]
  - [2300, 296.455886994995, 3766.10913442445, 55.472, 5.27521722534351, ]
  - [2400, 305.590989798708, 3768.55633347932, 55.472, -64.8993385725126, ]
  - [2500, 309.09223648486, 3773.68632640309, 55.472, -163.550086812242, ]
  - [2600, 294.826634103322, 3786.33352462124, 55.472, 15.6518254028293, ]
  - [2700, 300.938722291886, 3779.9101291725, 55.472, -169.746213940632, ]
  - [2800, 295.867255402155, 3749.1022526751, 55.472, -142.227638352238, ]
  - [2900, 294.347473639975, 3735.52433950207, 55.472, -86.1221528875151, ]
  - [3000, 295.460185273257, 3769.66052806586, 55.472, -239.819638516426, ]
  - [3100, 301.558377104887, 3805.12045782344, 55.472, -115.461357552369, ]
  - [3200, 302.932507849216, 3791.17561030784, 55.472, -90.2104291509109, ]
  - [3300, 300.205781400701, 3767.1221910168, 55.472, -253.679868841867, ]
  - [3400, 308.903268946375, 3751.70475599311, 55.472, -248.113550639515, ]
  - [3500, 287.045603329894, 3755.63047203536, 55.472, -58.4524557120075, ]
  - [3600, 312.745708723211, 3814.17208939719, 55.472, -160.329334870895, ]
  - [3700, 306.204793964645, 3829.32996056299, 55.472, -216.655007310553, ]
  - [3800, 301.580178493535, 3792.45815439098, 55.472, -93.8628806905568, ]
  - [3900, 310.428202149299, 3764.67630737322, 55.472, -133.219326410907, ]
  - [4000, 299.530963823195, 3752.15817078737, 55.472, -316.983733424039, ]
  - [4100, 299.840271060436, 3759.25421062492, 55.472, -56.4050476819275, ]
  - [4200, 308.782628973077, 3805.58418263555, 55.472, 56.7458563329132, ]
  - [4300, 316.760830783357, 3818.94463237848, 55.472, -325.78942275328, ]
  - [4400, 293.795006832854, 3788.36976448563, 55.472, 30.455470238826, ]
  - [4500, 303.371877471994, 3771.93812233666, 55.472, -13.1461677380061, ]
  - [4600, 296.413888014131, 3763.83262447731, 55.472, -207.083712930651, ]
  - [4700, 297.997669283106, 3756.54912239729, 55.472, -169.210581218886, ]
  - [4800, 291.460536186407, 3757.46353202562, 55.472, -227.74366776773, ]
  - [4900, 285.951946457729, 3784.50623041608, 55.472, -205.643760319464, ]
  - [5000, 304.56243108703, 3805.7188531293, 55.472, -79.8535060446519, ]
...
Loop time of 2.80109 on 8 procs for 5000 steps with 692 atoms

Performance: 154.225 ns/day, 0.156 hours/ns, 1785.017 timesteps/s, 1.235 Matom-step/s
777.6% CPU use with 1 MPI tasks x 8 OpenMP threads

MPI task timing breakdown:
Section |  min time  |  avg time  |  max time  |%varavg| %total
---------------------------------------------------------------
Pair    | 1.4619     | 1.4619     | 1.4619     |   0.0 | 52.19
Bond    | 0.81371    | 0.81371    | 0.81371    |   0.0 | 29.05
Neigh   | 0.0044731  | 0.0044731  | 0.0044731  |   0.0 |  0.16
Comm    | 0.00060052 | 0.00060052 | 0.00060052 |   0.0 |  0.02
Output  | 0.2716     | 0.2716     | 0.2716     |   0.0 |  9.70
Modify  | 0.23404    | 0.23404    | 0.23404    |   0.0 |  8.36
Other   |            | 0.0148     |            |       |  0.53

Nlocal:            692 ave         692 max         692 min
Histogram: 1 0 0 0 0 0 0 0 0 0
Nghost:              0 ave           0 max           0 min
Histogram: 1 0 0 0 0 0 0 0 0 0
Neighs:         101736 ave      101736 max      101736 min
Histogram: 1 0 0 0 0 0 0 0 0 0

Total # of neighbors = 101736
Ave neighs/atom = 147.01734
Ave special neighs/atom = 17.014451
Neighbor list builds = 3
Dangerous builds = 0
Generated 0 of 0 mixed pair_coeff terms from geometric mixing rule
Last active /omp style is improper_style harmonic/omp
Setting up Verlet run ...
  Unit style    : real
  Current step  : 5000
  Time step     : 1
Per MPI rank memory allocation (min/avg/max) = 19.32 | 19.32 | 19.32 Mbytes
---
keywords: ['Step', 'Temp', 'TotEng', 'v_Lcnt', 'v_Fcnt', ]
data:
  - [5000, 304.56243108703, 3805.7188531293, 55.472, -79.8535060446519, ]
  - [5100, 316.946089708911, 3799.62841557132, 55.5719999999998, -336.024798736914, ]
  - [5200, 307.5846159101, 3765.65768941463, 55.6719999999995, -331.046552412619, ]
  - [5300, 286.95264355634, 3773.275857005, 55.7719999999993, -99.0642096587954, ]
  - [5400, 293.125286746237, 3804.77863446262, 55.8719999999991, -363.379918489355, ]
  - [5500, 320.426822118354, 3841.50557078295, 55.9719999999988, -517.975683926096, ]
  - [5600, 309.793030008063, 3860.80403577804, 56.0719999999986, -317.965472406806, ]
  - [5700, 286.383943275522, 3825.42660900439, 56.1719999999984, -473.159537086453, ]
  - [5800, 300.140535415061, 3837.25560009141, 56.2719999999981, -553.092877327048, ]
  - [5900, 302.888780605771, 3894.98774847449, 56.3719999999979, -760.607071011663, ]
  - [6000, 304.259726563582, 3952.42548029001, 56.4719999999977, -487.019685100201, ]
  - [6100, 310.298094470303, 3995.79239074996, 56.5719999999974, -719.11238835935, ]
  - [6200, 292.754774802965, 4013.5140475824, 56.6719999999972, -658.485289746367, ]
  - [6300, 282.719798353175, 4004.85960587606, 56.771999999997, -642.259545706258, ]
  - [6400, 286.098204845446, 4022.6825039784, 56.8719999999967, -850.144904464806, ]
  - [6500, 292.417404069765, 4082.75411537869, 56.9719999999965, -808.441734956544, ]
  - [6600, 289.170708603524, 4145.57251279071, 57.0719999999963, -950.33601089452, ]
  - [6700, 294.513221378956, 4216.4103607275, 57.171999999996, -990.667833860082, ]
  - [6800, 311.504751636572, 4274.47135656871, 57.2719999999958, -1065.20725177003, ]
  - [6900, 307.36404932642, 4316.39278421544, 57.3719999999956, -1105.82658323122, ]
  - [7000, 285.991040849051, 4323.18874044694, 57.4719999999953, -1034.65197309358, ]
  - [7100, 293.671678654625, 4369.28870708314, 57.5719999999951, -1122.16556188757, ]
  - [7200, 301.398623724576, 4452.41023661686, 57.6719999999949, -1254.84788323091, ]
  - [7300, 319.826401118037, 4539.26402104895, 57.7719999999946, -1106.41814682122, ]
  - [7400, 298.805321629701, 4601.11013104509, 57.8719999999944, -1258.20298084901, ]
  - [7500, 301.243955300567, 4649.89538076966, 57.9719999999942, -1375.64397320198, ]
  - [7600, 312.186654132917, 4709.27613919616, 58.0719999999939, -1537.59401774909, ]
  - [7700, 307.200024926999, 4767.04865103726, 58.1719999999937, -1364.19755121644, ]
  - [7800, 297.947194078357, 4797.1326799025, 58.2719999999935, -1519.95825072957, ]
  - [7900, 272.482199627106, 4846.70945892383, 58.3719999999932, -1694.05970360054, ]
  - [8000, 293.549612037026, 4955.99721701224, 58.471999999993, -1548.04984981938, ]
  - [8100, 306.610136528923, 5056.30755288294, 58.5719999999928, -1565.7628160626, ]
  - [8200, 287.587873969845, 5152.70886247003, 58.6719999999926, -1721.08678193326, ]
  - [8300, 316.320083266251, 5241.41532760365, 58.7719999999923, -1634.65966258725, ]
  - [8400, 289.071739177313, 5311.76214218838, 58.8719999999921, -1757.34652237094, ]
  - [8500, 299.69106266036, 5364.52092258268, 58.9719999999918, -1771.38898891262, ]
  - [8600, 289.023440640629, 5437.93861868921, 59.0719999999916, -1886.53192163041, ]
  - [8700, 293.9408092729, 5559.88811889426, 59.1719999999914, -1936.3177058898, ]
  - [8800, 305.310966438259, 5689.08838421829, 59.2719999999912, -2047.97074551628, ]
  - [8900, 317.695689265468, 5784.86674558178, 59.3719999999909, -2015.71339842693, ]
  - [9000, 300.668938994141, 5855.39985219415, 59.4719999999907, -2077.02219988816, ]
  - [9100, 289.911218032508, 5927.75240583084, 59.5719999999905, -2077.97725014245, ]
  - [9200, 307.51214089623, 6036.51356396083, 59.6719999999902, -2136.7198362616, ]
  - [9300, 305.148036100588, 6156.4512866487, 59.77199999999, -1973.08759502281, ]
  - [9400, 300.037557027684, 6269.94959269349, 59.8719999999898, -2171.23380034409, ]
  - [9500, 301.51499732178, 6378.5297684926, 59.9719999999895, -2357.64778468649, ]
  - [9600, 295.576130407864, 6479.57975447739, 60.0719999999893, -2151.06936414449, ]
  - [9700, 288.192096834522, 6586.18832404226, 60.171999999989, -2449.84803501714, ]
  - [9800, 285.80456227669, 6701.69104804876, 60.2719999999888, -2259.05006977841, ]
  - [9900, 317.737644718181, 6837.39468653942, 60.3719999999886, -2325.83886471764, ]
  - [10000, 304.648182205968, 6979.360331587, 60.4719999999883, -2334.77963582438, ]
  - [10100, 321.858327151968, 7108.77561016715, 60.5719999999881, -2494.14725644002, ]
  - [10200, 295.911057379184, 7191.27330815541, 60.6719999999879, -2449.95980299645, ]
  - [10300, 297.489370324863, 7291.37837399718, 60.7719999999877, -2577.21248123705, ]
  - [10400, 311.98859899978, 7433.36503142887, 60.8719999999874, -2618.95040038595, ]
  - [10500, 301.786619112335, 7594.53366404932, 60.9719999999872, -2616.07102975362, ]
  - [10600, 322.940987671992, 7757.06768115943, 61.0719999999869, -2745.12941206065, ]
  - [10700, 293.672479559305, 7879.60433269966, 61.1719999999867, -2714.79399359745, ]
  - [10800, 288.264439202988, 7949.02317230321, 61.2719999999865, -2679.92921909908, ]
  - [10900, 288.347893501284, 8097.8321924413, 61.3719999999862, -2864.21820925534, ]
  - [11000, 303.148098013745, 8276.283483136, 61.471999999986, -2913.52073566988, ]
  - [11100, 318.914095603532, 8443.92068528984, 61.5719999999858, -2764.92313492948, ]
  - [11200, 300.019594150513, 8585.93718202561, 61.6719999999855, -2831.28210142473, ]
  - [11300, 294.895862621392, 8702.67512217449, 61.7719999999853, -2918.86004110618, ]
  - [11400, 291.519449721568, 8827.6128588685, 61.8719999999851, -3089.7251148764, ]
  - [11500, 290.712535865732, 8990.98175344223, 61.9719999999849, -3112.17057197527, ]
  - [11600, 295.696605941284, 9166.74219691107, 62.0719999999846, -3062.91550983243, ]
  - [11700, 293.742146827413, 9335.89310434249, 62.1719999999844, -3162.34143627872, ]
  - [11800, 303.894064322584, 9502.78352415861, 62.2719999999841, -3451.01636362083, ]
  - [11900, 294.803942430935, 9656.38328324715, 62.3719999999839, -3393.69168413817, ]
  - [12000, 288.034892289532, 9772.40734568551, 62.4719999999837, -3220.68452096982, ]
  - [12100, 284.057643324353, 9935.27372035829, 62.5719999999835, -3546.24184894353, ]
  - [12200, 290.578784451185, 10146.7027714564, 62.6719999999832, -3596.90226764478, ]
  - [12300, 312.419067953104, 10335.8939067388, 62.771999999983, -3493.39426883014, ]
  - [12400, 304.260319788078, 10513.8896634383, 62.8719999999827, -3620.70404120063, ]
  - [12500, 300.062610078793, 10689.3446132794, 62.9719999999825, -3690.8042953732, ]
  - [12600, 300.875920280402, 10836.4018329734, 63.0719999999823, -3535.82302551135, ]
  - [12700, 284.333213523077, 10991.6570526732, 63.1719999999821, -3623.94986145074, ]
  - [12800, 295.588798233172, 11199.2290616404, 63.2719999999818, -3716.21937043919, ]
  - [12900, 299.111935020516, 11424.451183026, 63.3719999999816, -3566.71603245405, ]
  - [13000, 306.525809922573, 11620.9221046365, 63.4719999999813, -3791.05919823017, ]
  - [13100, 313.028568078083, 11799.5703492725, 63.5719999999811, -3910.90161940067, ]
  - [13200, 291.945412332233, 11961.3161482327, 63.6719999999809, -3740.82886796716, ]
  - [13300, 287.983462698733, 12136.0357809322, 63.7719999999808, -4200.19486795498, ]
  - [13400, 297.371346117431, 12340.2342782608, 63.8719999999809, -4125.06220775073, ]
  - [13500, 311.183480852284, 12585.0750664248, 63.971999999981, -3855.59594293289, ]
  - [13600, 311.494550177007, 12808.0818445033, 64.0719999999812, -4270.55745590408, ]
  - [13700, 308.724114684294, 13007.3700123581, 64.1719999999813, -4077.36280333418, ]
  - [13800, 297.510303920442, 13174.9926921594, 64.2719999999814, -4082.92802821249, ]
  - [13900, 297.140870591814, 13368.1392623402, 64.3719999999819, -4197.78781343603, ]
  - [14000, 281.568053956542, 13592.473282624, 64.4719999999824, -4252.8016615853, ]
  - [14100, 303.666323281541, 13818.5043999375, 64.5719999999828, -4278.14179154764, ]
  - [14200, 300.750581240956, 14039.0156180252, 64.6719999999833, -4237.43071488757, ]
  - [14300, 298.352001613982, 14260.3221282714, 64.7719999999838, -4311.23294788247, ]
  - [14400, 295.697694411118, 14469.1227898688, 64.8719999999843, -4335.77701434245, ]
  - [14500, 300.657419506407, 14668.2355500934, 64.9719999999848, -4469.40455340426, ]
  - [14600, 287.283265340912, 14873.7330789625, 65.0719999999852, -4570.50324170514, ]
  - [14700, 287.077866943902, 15120.8174991792, 65.1719999999857, -4617.47429249272, ]
  - [14800, 279.718372713769, 15395.3910871346, 65.2719999999862, -4570.71737346314, ]
  - [14900, 298.247251501258, 15636.5203210912, 65.3719999999867, -4725.04907087454, ]
  - [15000, 303.296444511967, 15850.7875389021, 65.4719999999871, -4655.73826504132, ]
...
Loop time of 5.35594 on 8 procs for 10000 steps with 692 atoms

Performance: 161.316 ns/day, 0.149 hours/ns, 1867.085 timesteps/s, 1.292 Matom-step/s
782.3% CPU use with 1 MPI tasks x 8 OpenMP threads

MPI task timing breakdown:
Section |  min time  |  avg time  |  max time  |%varavg| %total
---------------------------------------------------------------
Pair    | 2.6793     | 2.6793     | 2.6793     |   0.0 | 50.02
Bond    | 1.5895     | 1.5895     | 1.5895     |   0.0 | 29.68
Neigh   | 0.0038904  | 0.0038904  | 0.0038904  |   0.0 |  0.07
Comm    | 0.0024894  | 0.0024894  | 0.0024894  |   0.0 |  0.05
Output  | 0.55015    | 0.55015    | 0.55015    |   0.0 | 10.27
Modify  | 0.50025    | 0.50025    | 0.50025    |   0.0 |  9.34
Other   |            | 0.03035    |            |       |  0.57

Nlocal:            692 ave         692 max         692 min
Histogram: 1 0 0 0 0 0 0 0 0 0
Nghost:              0 ave           0 max           0 min
Histogram: 1 0 0 0 0 0 0 0 0 0
Neighs:          90297 ave       90297 max       90297 min
Histogram: 1 0 0 0 0 0 0 0 0 0

Total # of neighbors = 90297
Ave neighs/atom = 130.48699
Ave special neighs/atom = 17.014451
Neighbor list builds = 5
Dangerous builds = 0
