  using 8 OpenMP thread(s) per MPI task
using multi-threaded neighbor list subroutines
Reading data file ...
  orthogonal box = (-12 -9 -9) to (12 9 9)
  1 by 1 by 1 MPI processor grid
  reading atom labelmap ...
  reading bond labelmap ...
  reading angle labelmap ...
  reading dihedral labelmap ...
  reading improper labelmap ...
  reading atoms ...
  44 atoms
  reading velocities ...
  44 velocities
  scanning bonds ...
  9 = max bonds/atom
  scanning angles ...
  21 = max angles/atom
  scanning dihedrals ...
  29 = max dihedrals/atom
  scanning impropers ...
  29 = max impropers/atom
  orthogonal box = (-12 -9 -9) to (12 9 9)
  1 by 1 by 1 MPI processor grid
  reading bonds ...
  42 bonds
  reading angles ...
  74 angles
  reading dihedrals ...
  100 dihedrals
  reading impropers ...
  16 impropers
Finding 1-2 1-3 1-4 neighbors ...
  special bond factors lj:    0        0        1       
  special bond factors coul:  0        0        1       
     4 = max # of 1-2 neighbors
     6 = max # of 1-3 neighbors
    35 = max # of special neighbors
  special bonds CPU = 0.000 seconds
  read_data CPU = 0.003 seconds
Replication is creating a 3x4x4 = 48 times larger system...
  orthogonal box = (-12 -9 -9) to (60 63 63)
  1 by 1 by 1 MPI processor grid
  2112 atoms
  2016 bonds
  3552 angles
  4800 dihedrals
  768 impropers
Finding 1-2 1-3 1-4 neighbors ...
  special bond factors lj:    0        0        1       
  special bond factors coul:  0        0        1       
     4 = max # of 1-2 neighbors
     6 = max # of 1-3 neighbors
    35 = max # of special neighbors
  special bonds CPU = 0.000 seconds
  replicate CPU = 0.003 seconds
Read molecule template CNT:
(no title)
  1 molecules
  0 fragments
  250 atoms with max type 12
  360 bonds with max type 14
  690 angles with max type 27
  1330 dihedrals with max type 34
  220 impropers with max type 6
Created 1250 atoms
  using lattice units in orthogonal box = (-12 -9 -9) to (60 63 63)
  create_atoms CPU = 1.559 seconds
PPPM initialization ...
  using 12-bit tables for long-range coulomb (src/kspace.cpp:342)
  G vector (1/distance) = 0.31302569
  grid = 45 45 45
  stencil order = 5
  estimated absolute RMS force accuracy = 0.0026080771
  estimated relative force accuracy = 7.8541466e-06
  using double precision KISS FFT
  3d grid and FFT values/proc = 140608 91125
Generated 66 of 66 mixed pair_coeff terms from sixthpower/sixthpower mixing rule
Last active /omp style is kspace_style pppm/omp
Neighbor list info ...
  update: every = 1 steps, delay = 0 steps, check = yes
  max neighbors/atom: 2000, page size: 100000
  master list distance cutoff = 10.5
  ghost atom cutoff = 10.5
  binsize = 5.25, bins = 14 14 14
  1 neighbor lists, perpetual/occasional/extra = 1 0 0
  (1) pair lj/class2/coul/long/omp, perpetual
      attributes: half, newton on, omp
      pair build: half/bin/newton/omp
      stencil: half/bin/3d
      bin: standard
Setting up cg style minimization ...
  Unit style    : real
  Current step  : 0
Per MPI rank memory allocation (min/avg/max) = 54.12 | 54.12 | 54.12 Mbytes
   Step          Temp          E_pair         E_mol          TotEng         Press     
         0   205.77271      7757.7183      55840.905      65660.158      5198.2641    
        38   205.77271     -3130.3511      52955.781      51886.965      376.38883    
Loop time of 0.777634 on 8 procs for 38 steps with 3362 atoms

727.8% CPU use with 1 MPI tasks x 8 OpenMP threads

Minimization stats:
  Stopping criterion = energy tolerance
  Energy initial, next-to-last, final = 
      63598.6234264759   49830.0476791472   49825.4301878256
  Force two-norm initial, final = 7809.4255 105.34236
  Force max component initial, final = 805.7253 4.0623845
  Final line search alpha, max atom move = 0.0053414896 0.021699184
  Iterations, force evaluations = 38 70

MPI task timing breakdown:
Section |  min time  |  avg time  |  max time  |%varavg| %total
---------------------------------------------------------------
Pair    | 0.030812   | 0.030812   | 0.030812   |   0.0 |  3.96
Bond    | 0.054873   | 0.054873   | 0.054873   |   0.0 |  7.06
Kspace  | 0.68445    | 0.68445    | 0.68445    |   0.0 | 88.02
Neigh   | 0.0015632  | 0.0015632  | 0.0015632  |   0.0 |  0.20
Comm    | 0.0014018  | 0.0014018  | 0.0014018  |   0.0 |  0.18
Output  | 0          | 0          | 0          |   0.0 |  0.00
Modify  | 0.0016177  | 0.0016177  | 0.0016177  |   0.0 |  0.21
Other   |            | 0.00292    |            |       |  0.38

Nlocal:           3362 ave        3362 max        3362 min
Histogram: 1 0 0 0 0 0 0 0 0 0
Nghost:           4400 ave        4400 max        4400 min
Histogram: 1 0 0 0 0 0 0 0 0 0
Neighs:         160131 ave      160131 max      160131 min
Histogram: 1 0 0 0 0 0 0 0 0 0

Total # of neighbors = 160131
Ave neighs/atom = 47.629685
Ave special neighs/atom = 9.4098751
Neighbor list builds = 1
Dangerous builds = 0
PPPM initialization ...
  using 12-bit tables for long-range coulomb (src/kspace.cpp:342)
  G vector (1/distance) = 0.31302569
  grid = 45 45 45
  stencil order = 5
  estimated absolute RMS force accuracy = 0.0026080771
  estimated relative force accuracy = 7.8541466e-06
  using double precision KISS FFT
  3d grid and FFT values/proc = 140608 91125
Generated 66 of 66 mixed pair_coeff terms from sixthpower/sixthpower mixing rule
Last active /omp style is kspace_style pppm/omp
Setting up Verlet run ...
  Unit style    : real
  Current step  : 0
  Time step     : 1
Per MPI rank memory allocation (min/avg/max) = 53 | 53 | 53 Mbytes
   Step          Temp          PotEng         TotEng         Press         Density    
         0   300            49825.43       52830.981      492.00401      0.12282015   
      2000   301.09845      51720.389      54736.945      180.68344      0.23065719   
      3000   301.51859      51395.529      54416.294      61.066418      0.28926638   
      4000   302.57628      51212.149      54243.511      436.35157      0.3530706    
      5000   301.11705      51005.953      54022.695      504.18154      0.42526929   
      6000   300.02399      50760.026      53765.817      983.73099      0.50083226   
      7000   302.33737      50501.412      53530.38      -257.62246      0.58183053   
      8000   301.50469      50366.929      53387.554     -42.028879      0.68078645   
      9000   297.42811      50193.886      53173.671      676.1089       0.78197251   
     10000   295.52534      49942.7        52903.421      1471.5661      0.89531746   
Loop time of 142.845 on 8 procs for 10000 steps with 3362 atoms

Performance: 6.048 ns/day, 3.968 hours/ns, 70.006 timesteps/s, 235.359 katom-step/s
742.7% CPU use with 1 MPI tasks x 8 OpenMP threads

MPI task timing breakdown:
Section |  min time  |  avg time  |  max time  |%varavg| %total
---------------------------------------------------------------
Pair    | 6.6285     | 6.6285     | 6.6285     |   0.0 |  4.64
Bond    | 9.5307     | 9.5307     | 9.5307     |   0.0 |  6.67
Kspace  | 104.01     | 104.01     | 104.01     |   0.0 | 72.81
Neigh   | 1.0979     | 1.0979     | 1.0979     |   0.0 |  0.77
Comm    | 0.33849    | 0.33849    | 0.33849    |   0.0 |  0.24
Output  | 0.00036859 | 0.00036859 | 0.00036859 |   0.0 |  0.00
Modify  | 21.124     | 21.124     | 21.124     |   0.0 | 14.79
Other   |            | 0.1176     |            |       |  0.08

Nlocal:           3362 ave        3362 max        3362 min
Histogram: 1 0 0 0 0 0 0 0 0 0
Nghost:           8710 ave        8710 max        8710 min
Histogram: 1 0 0 0 0 0 0 0 0 0
Neighs:         564913 ave      564913 max      564913 min
Histogram: 1 0 0 0 0 0 0 0 0 0

Total # of neighbors = 564913
Ave neighs/atom = 168.02885
Ave special neighs/atom = 9.4098751
Neighbor list builds = 458
Dangerous builds = 0
PPPM initialization ...
  using 12-bit tables for long-range coulomb (src/kspace.cpp:342)
  G vector (1/distance) = 0.3278008
  grid = 27 27 27
  stencil order = 5
  estimated absolute RMS force accuracy = 0.0035581719
  estimated relative force accuracy = 1.0715329e-05
  using double precision KISS FFT
  3d grid and FFT values/proc = 39304 19683
Generated 66 of 66 mixed pair_coeff terms from sixthpower/sixthpower mixing rule
Last active /omp style is kspace_style pppm/omp
Setting up Verlet run ...
  Unit style    : real
  Current step  : 10000
  Time step     : 1
Per MPI rank memory allocation (min/avg/max) = 43.29 | 43.29 | 43.29 Mbytes
   Step          Temp          PotEng         TotEng         Press         Density    
     10000   295.52534      49942.748      52903.47       1471.3836      0.89531746   
     11000   297.69212      49744.892      52727.321     -312.96255      0.98640433   
     12000   301.36941      49653.75       52673.02      -1787.8043      1.0723409    
     13000   298.12717      49518.918      52505.706      962.29785      1.1513893    
     14000   300.50102      49426.131      52436.701     -119.93248      1.1791903    
     15000   299.12425      49419.522      52416.299      723.15866      1.2035886    
     16000   297.93249      49340.686      52325.524      2137.7938      1.205213     
     17000   308.68962      49331.564      52424.172      545.863        1.2339991    
     18000   300.71951      49150.033      52162.792      480.02342      1.2560057    
     19000   296.53178      49159.537      52130.342      1311.3365      1.2535701    
     20000   305.25748      49213.882      52272.105     -2690.1529      1.2620063    
     21000   302.8792       49195.324      52229.72       34.002363      1.2791529    
     22000   299.7732       49087.347      52090.625     -514.1019       1.2909477    
     23000   290.4061       49142.167      52051.601     -2655.4396      1.2957838    
     24000   300.99863      49136.823      52152.379     -1627.2127      1.2906189    
     25000   301.3682       49066.385      52085.643     -974.53627      1.2961128    
     26000   298.5836       49123.046      52114.406      510.19402      1.3120645    
     27000   307.66009      49073.531      52155.824     -2704.2792      1.2988889    
     28000   301.16771      49030.333      52047.583     -1608.1931      1.3042146    
     29000   305.36957      49011.213      52070.559     -278.10192      1.3012002    
     30000   308.87525      49045.334      52139.802     -63.270874      1.3021003    
Loop time of 124.119 on 8 procs for 20000 steps with 3362 atoms

Performance: 13.922 ns/day, 1.724 hours/ns, 161.135 timesteps/s, 541.736 katom-step/s
800.4% CPU use with 1 MPI tasks x 8 OpenMP threads

MPI task timing breakdown:
Section |  min time  |  avg time  |  max time  |%varavg| %total
---------------------------------------------------------------
Pair    | 26.609     | 26.609     | 26.609     |   0.0 | 21.44
Bond    | 20.058     | 20.058     | 20.058     |   0.0 | 16.16
Kspace  | 60.902     | 60.902     | 60.902     |   0.0 | 49.07
Neigh   | 3.5932     | 3.5932     | 3.5932     |   0.0 |  2.89
Comm    | 1.1035     | 1.1035     | 1.1035     |   0.0 |  0.89
Output  | 0.00081677 | 0.00081677 | 0.00081677 |   0.0 |  0.00
Modify  | 11.66      | 11.66      | 11.66      |   0.0 |  9.39
Other   |            | 0.1932     |            |       |  0.16

Nlocal:           3362 ave        3362 max        3362 min
Histogram: 1 0 0 0 0 0 0 0 0 0
Nghost:          11272 ave       11272 max       11272 min
Histogram: 1 0 0 0 0 0 0 0 0 0
Neighs:         779706 ave      779706 max      779706 min
Histogram: 1 0 0 0 0 0 0 0 0 0

Total # of neighbors = 779706
Ave neighs/atom = 231.91731
Ave special neighs/atom = 9.4098751
Neighbor list builds = 748
Dangerous builds = 0
System init for write_data ...
PPPM initialization ...
  using 12-bit tables for long-range coulomb (src/kspace.cpp:342)
  G vector (1/distance) = 0.33233392
  grid = 25 25 25
  stencil order = 5
  estimated absolute RMS force accuracy = 0.0034565371
  estimated relative force accuracy = 1.0409259e-05
  using double precision KISS FFT
  3d grid and FFT values/proc = 32768 15625
Generated 66 of 66 mixed pair_coeff terms from sixthpower/sixthpower mixing rule
Last active /omp style is kspace_style pppm/omp
