  using 8 OpenMP thread(s) per MPI task
using multi-threaded neighbor list subroutines
Reading data file ...
  orthogonal box = (-12.12 -12.12 -20.2) to (12.12 12.12 20.2)
  1 by 1 by 1 MPI processor grid
  reading atom labelmap ...
  reading bond labelmap ...
  reading angle labelmap ...
  reading atoms ...
  1680 atoms
  reading velocities ...
  1680 velocities
  scanning bonds ...
  2 = max bonds/atom
  scanning angles ...
  1 = max angles/atom
  orthogonal box = (-12.12 -12.12 -20.2) to (12.12 12.12 20.2)
  1 by 1 by 1 MPI processor grid
  reading bonds ...
  812 bonds
  reading angles ...
  406 angles
Finding 1-2 1-3 1-4 neighbors ...
  special bond factors lj:    0        0        0       
  special bond factors coul:  0        0        0       
     2 = max # of 1-2 neighbors
     1 = max # of 1-3 neighbors
     1 = max # of 1-4 neighbors
     2 = max # of special neighbors
  special bonds CPU = 0.002 seconds
  read_data CPU = 0.079 seconds
1218 atoms in group H2O
15 atoms in group Na
15 atoms in group Cl
30 atoms in group ions
1248 atoms in group fluid
432 atoms in group wall
833 atoms in group top
847 atoms in group bot
216 atoms in group walltop
216 atoms in group wallbot
Finding SHAKE clusters ...
       0 = # of size 2 clusters
       0 = # of size 3 clusters
       0 = # of size 4 clusters
     406 = # of frozen angles
  find clusters CPU = 0.001 seconds
WARNING: Temperature for thermo pressure is not for group all (src/thermo.cpp:533)

CITE-CITE-CITE-CITE-CITE-CITE-CITE-CITE-CITE-CITE-CITE-CITE-CITE

Your simulation uses code contributions which should be cited:
- Type Label Framework: https://doi.org/10.1021/acs.jpcb.3c08419
The log file lists these citations in BibTeX format.

CITE-CITE-CITE-CITE-CITE-CITE-CITE-CITE-CITE-CITE-CITE-CITE-CITE

PPPM initialization ...
  extracting TIP4P info from pair style
  using 12-bit tables for long-range coulomb (src/kspace.cpp:342)
  G vector (1/distance) = 0.25237451
  grid = 18 18 60
  stencil order = 5
  estimated absolute RMS force accuracy = 0.0034985124
  estimated relative force accuracy = 1.0535666e-05
  using double precision KISS FFT
  3d grid and FFT values/proc = 39375 19440
WARNING: Communication cutoff 0 is shorter than a bond length based estimate of 3.4358. This may lead to errors. (src/comm.cpp:731)
WARNING: Increasing communication cutoff to 15.1118 for TIP4P pair style (src/KSPACE/pair_lj_cut_tip4p_long.cpp:497)
Generated 9 of 10 mixed pair_coeff terms from geometric mixing rule
Last active /omp style is kspace_style pppm/tip4p/omp
WARNING: Should not use fix nve/limit with fix shake or fix rattle (src/fix_nve_limit.cpp:76)
Neighbor list info ...
  update: every = 1 steps, delay = 0 steps, check = yes
  max neighbors/atom: 2000, page size: 100000
  master list distance cutoff = 14.3092
  ghost atom cutoff = 15.1118
  binsize = 7.1546, bins = 4 4 6
  1 neighbor lists, perpetual/occasional/extra = 1 0 0
  (1) pair lj/cut/tip4p/long/omp, perpetual
      attributes: half, newton on, omp
      pair build: half/bin/newton/omp
      stencil: half/bin/3d
      bin: standard
Setting up Verlet run ...
  Unit style    : real
  Current step  : 0
  Time step     : 0.5
Per MPI rank memory allocation (min/avg/max) = 19.97 | 19.97 | 19.97 Mbytes
   Step          Temp          E_pair         E_mol          TotEng         Press     
         0   0              501411.03      0              501411.03     -8.4785925e+232
       200   8114.0354     -31133.813      0             -10793.052      59851.453    
       400   3590.6404     -33466.786      0             -24465.548      18773.485    
       600   1755.2211     -35216.965      0             -30816.87      -880.18648    
       800   928.86374     -36385.427      0             -34056.895     -13007.859    
      1000   543.68605     -37187.34       0             -35824.394     -18511.743    
      1200   350.25006     -37783.893      0             -36905.865     -21588.394    
      1400   241.93459     -38237.458      0             -37630.962     -22612.682    
      1600   173.17665     -38575.03       0             -38140.9       -23006.59     
      1800   119.16026     -38798.595      0             -38499.877     -23454.883    
      2000   84.127403     -38962.696      0             -38751.8       -23255.015    
      2200   59.63002      -39078.804      0             -38929.32      -23738.58     
      2400   37.217824     -39140.621      0             -39047.321     -23799.649    
      2600   26.563649     -39192.302      0             -39125.71      -23701.176    
      2800   18.902099     -39227.026      0             -39179.641     -23630.411    
      3000   12.575103     -39247.776      0             -39216.252     -23744.401    
      3200   8.808055      -39261.99       0             -39239.909     -23776.354    
      3400   7.104077      -39275.568      0             -39257.759     -23770.886    
      3600   5.7048514     -39285.227      0             -39270.926     -23761.582    
      3800   4.6159083     -39293.041      0             -39281.47      -23801.952    
      4000   4.4702043     -39301.337      0             -39290.131     -23731.575    
Loop time of 114.447 on 8 procs for 4000 steps with 1680 atoms

Performance: 1.510 ns/day, 15.895 hours/ns, 34.951 timesteps/s, 58.717 katom-step/s
803.3% CPU use with 1 MPI tasks x 8 OpenMP threads

MPI task timing breakdown:
Section |  min time  |  avg time  |  max time  |%varavg| %total
---------------------------------------------------------------
Pair    | 44.915     | 44.915     | 44.915     |   0.0 | 39.25
Bond    | 0.16829    | 0.16829    | 0.16829    |   0.0 |  0.15
Kspace  | 61.021     | 61.021     | 61.021     |   0.0 | 53.32
Neigh   | 1.4782     | 1.4782     | 1.4782     |   0.0 |  1.29
Comm    | 0.67717    | 0.67717    | 0.67717    |   0.0 |  0.59
Output  | 3.4631     | 3.4631     | 3.4631     |   0.0 |  3.03
Modify  | 2.6361     | 2.6361     | 2.6361     |   0.0 |  2.30
Other   |            | 0.0888     |            |       |  0.08

Nlocal:           1680 ave        1680 max        1680 min
Histogram: 1 0 0 0 0 0 0 0 0 0
Nghost:           6827 ave        6827 max        6827 min
Histogram: 1 0 0 0 0 0 0 0 0 0
Neighs:         799510 ave      799510 max      799510 min
Histogram: 1 0 0 0 0 0 0 0 0 0

Total # of neighbors = 799510
Ave neighs/atom = 475.89881
Ave special neighs/atom = 1.45
Neighbor list builds = 89
Dangerous builds = 0
PPPM initialization ...
  extracting TIP4P info from pair style
  using 12-bit tables for long-range coulomb (src/kspace.cpp:342)
  G vector (1/distance) = 0.25237451
  grid = 18 18 60
  stencil order = 5
  estimated absolute RMS force accuracy = 0.0034985124
  estimated relative force accuracy = 1.0535666e-05
  using double precision KISS FFT
  3d grid and FFT values/proc = 39375 19440
Generated 9 of 10 mixed pair_coeff terms from geometric mixing rule
Last active /omp style is kspace_style pppm/tip4p/omp
WARNING: Should not use fix nve/limit with fix shake or fix rattle (src/fix_nve_limit.cpp:76)
Setting up Verlet run ...
  Unit style    : real
  Current step  : 4000
  Time step     : 1
Per MPI rank memory allocation (min/avg/max) = 20.61 | 20.61 | 20.61 Mbytes
   Step          Temp          E_pair         E_mol          TotEng         Press     
      4000   4.4702043     -39301.337      0             -39290.131     -23731.597    
      4200   191.645       -38912.853      0             -38432.425     -21675.822    
      4400   257.01369     -38687.676      0             -38043.378     -19235.502    
      4600   277.23807     -38564.791      0             -37869.793     -19891.506    
      4800   291.49728     -38518.15       0             -37787.407     -20246.427    
      5000   305.7816      -38519.271      0             -37752.719     -19791.799    
      5200   305.90247     -38516.53       0             -37749.675     -20388.436    
      5400   298.12343     -38476.844      0             -37729.49      -20796.867    
      5600   278.71135     -38411.741      0             -37713.05      -20799.021    
      5800   303.65592     -38459.264      0             -37698.04      -21433.875    
      6000   301.5322      -38445.981      0             -37690.082     -21326.428    
      6200   294.84716     -38437.756      0             -37698.615     -20567.152    
      6400   302.42026     -38461.445      0             -37703.32      -21074.266    
      6600   303.16517     -38482.995      0             -37723.002     -21303.465    
      6800   296.72        -38475.146      0             -37731.31      -20605.26     
      7000   306.24872     -38517.41       0             -37749.687     -21263.543    
      7200   307.22322     -38529.13       0             -37758.964     -21283.391    
      7400   288.44067     -38462.007      0             -37738.926     -21033.652    
      7600   302.44448     -38490.652      0             -37732.466     -21405.431    
      7800   299.06547     -38501.781      0             -37752.065     -20877.487    
      8000   302.39723     -38510.526      0             -37752.458     -21544.229    
Loop time of 121.666 on 8 procs for 4000 steps with 1680 atoms

Performance: 2.841 ns/day, 8.449 hours/ns, 32.877 timesteps/s, 55.233 katom-step/s
802.9% CPU use with 1 MPI tasks x 8 OpenMP threads

MPI task timing breakdown:
Section |  min time  |  avg time  |  max time  |%varavg| %total
---------------------------------------------------------------
Pair    | 46.745     | 46.745     | 46.745     |   0.0 | 38.42
Bond    | 0.52542    | 0.52542    | 0.52542    |   0.0 |  0.43
Kspace  | 64.783     | 64.783     | 64.783     |   0.0 | 53.25
Neigh   | 2.572      | 2.572      | 2.572      |   0.0 |  2.11
Comm    | 0.70311    | 0.70311    | 0.70311    |   0.0 |  0.58
Output  | 3.4031     | 3.4031     | 3.4031     |   0.0 |  2.80
Modify  | 2.8415     | 2.8415     | 2.8415     |   0.0 |  2.34
Other   |            | 0.09329    |            |       |  0.08

Nlocal:           1680 ave        1680 max        1680 min
Histogram: 1 0 0 0 0 0 0 0 0 0
Nghost:           6795 ave        6795 max        6795 min
Histogram: 1 0 0 0 0 0 0 0 0 0
Neighs:         791675 ave      791675 max      791675 min
Histogram: 1 0 0 0 0 0 0 0 0 0

Total # of neighbors = 791675
Ave neighs/atom = 471.23512
Ave special neighs/atom = 1.45
Neighbor list builds = 157
Dangerous builds = 0
PPPM initialization ...
  extracting TIP4P info from pair style
  using 12-bit tables for long-range coulomb (src/kspace.cpp:342)
  G vector (1/distance) = 0.25237451
  grid = 18 18 60
  stencil order = 5
  estimated absolute RMS force accuracy = 0.0034985124
  estimated relative force accuracy = 1.0535666e-05
  using double precision KISS FFT
  3d grid and FFT values/proc = 39375 19440
Generated 9 of 10 mixed pair_coeff terms from geometric mixing rule
Last active /omp style is kspace_style pppm/tip4p/omp
Setting up Verlet run ...
  Unit style    : real
  Current step  : 8000
  Time step     : 1
Per MPI rank memory allocation (min/avg/max) = 20.61 | 20.61 | 20.61 Mbytes
   Step          Temp          E_pair         E_mol          TotEng         Press     
      8000   302.39723     -38510.526      0             -37752.458     -21544.221    
      8200   299.88588     -38503.173      0             -37751.401     -21847.246    
      8400   302.06786     -38509.911      0             -37752.669     -20895.036    
      8600   301.47847     -38500.585      0             -37744.821     -21054.4      
      8800   309           -38535.579      0             -37760.959     -20914.715    
      9000   305.85178     -38541.071      0             -37774.343     -20654.618    
      9200   284.78763     -38472.23       0             -37758.306     -21301.889    
      9400   294.46275     -38503.368      0             -37765.191     -20859.95     
      9600   305.63709     -38527.402      0             -37761.212     -21224.058    
      9800   298.27467     -38506.15       0             -37758.417     -20773.785    
     10000   304.0294      -38532.209      0             -37770.049     -21310.685    
     10200   295.42575     -38515.067      0             -37774.476     -20681.042    
     10400   295.35638     -38514.917      0             -37774.5       -20362.707    
     10600   297.85218     -38531.368      0             -37784.694     -21452.535    
     10800   308.22613     -38549.72       0             -37777.04      -21556.422    
     11000   305.29696     -38532.738      0             -37767.401     -21318.995    
     11200   308.52202     -38546.808      0             -37773.386     -21488.908    
     11400   304.55053     -38532.204      0             -37768.738     -21743.911    
     11600   296.23116     -38491.871      0             -37749.26      -21175.551    
     11800   306.81101     -38530.947      0             -37761.814     -21293.436    
     12000   295.18001     -38500.612      0             -37760.636     -21257.709    
Loop time of 117.337 on 8 procs for 4000 steps with 1680 atoms

Performance: 2.945 ns/day, 8.148 hours/ns, 34.090 timesteps/s, 57.271 katom-step/s
805.2% CPU use with 1 MPI tasks x 8 OpenMP threads

MPI task timing breakdown:
Section |  min time  |  avg time  |  max time  |%varavg| %total
---------------------------------------------------------------
Pair    | 43.901     | 43.901     | 43.901     |   0.0 | 37.41
Bond    | 0.29219    | 0.29219    | 0.29219    |   0.0 |  0.25
Kspace  | 63.866     | 63.866     | 63.866     |   0.0 | 54.43
Neigh   | 2.5105     | 2.5105     | 2.5105     |   0.0 |  2.14
Comm    | 0.74761    | 0.74761    | 0.74761    |   0.0 |  0.64
Output  | 3.3361     | 3.3361     | 3.3361     |   0.0 |  2.84
Modify  | 2.5719     | 2.5719     | 2.5719     |   0.0 |  2.19
Other   |            | 0.111      |            |       |  0.09

Nlocal:           1680 ave        1680 max        1680 min
Histogram: 1 0 0 0 0 0 0 0 0 0
Nghost:           6804 ave        6804 max        6804 min
Histogram: 1 0 0 0 0 0 0 0 0 0
Neighs:         790161 ave      790161 max      790161 min
Histogram: 1 0 0 0 0 0 0 0 0 0

Total # of neighbors = 790161
Ave neighs/atom = 470.33393
Ave special neighs/atom = 1.45
Neighbor list builds = 158
Dangerous builds = 0
System init for write_data ...
PPPM initialization ...
  extracting TIP4P info from pair style
  using 12-bit tables for long-range coulomb (src/kspace.cpp:342)
  G vector (1/distance) = 0.25237451
  grid = 18 18 60
  stencil order = 5
  estimated absolute RMS force accuracy = 0.0034985124
  estimated relative force accuracy = 1.0535666e-05
  using double precision KISS FFT
  3d grid and FFT values/proc = 39375 19440
Generated 9 of 10 mixed pair_coeff terms from geometric mixing rule
Last active /omp style is kspace_style pppm/tip4p/omp
