  using 20 OpenMP thread(s) per MPI task
Created orthogonal box = (-16.717 -9 -9) to (16.717 9 9)
  1 by 1 by 1 MPI processor grid
Created 240 atoms
  using lattice units in orthogonal box = (-16.717 -9 -9) to (16.717 9 9)
  create_atoms CPU = 0.002 seconds
WARNING: Only inserted 478 particles out of 480 (src/create_atoms.cpp:894)
Created 478 atoms
  using lattice units in orthogonal box = (-16.717 -9 -9) to (16.717 9 9)
  create_atoms CPU = 0.043 seconds
Reading vashishta potential file SiO.1990.vashishta with DATE: 2015-10-14
Neighbor list info ...
  update: every = 1 steps, delay = 1 steps, check = yes
  max neighbors/atom: 2000, page size: 100000
  master list distance cutoff = 11
  ghost atom cutoff = 11
  binsize = 5.5, bins = 7 4 4
  2 neighbor lists, perpetual/occasional/extra = 1 1 0
  (1) pair vashishta, perpetual
      attributes: full, newton on
      pair build: full/bin
      stencil: full/bin/3d
      bin: standard
  (2) compute rdf, occasional, half/full from (1)
      attributes: half, newton on
      pair build: halffull/newton
      stencil: none
      bin: none
Setting up Verlet run ...
  Unit style    : metal
  Current step  : 0
  Time step     : 0.001
Per MPI rank memory allocation (min/avg/max) = 31.75 | 31.75 | 31.75 Mbytes
   Step          Temp          TotEng         Volume        Density    
         0   6000           550.90021      10832.616      2.2055818    
       250   11268.678     -3825.5144      10832.616      2.2055818    
       500   6072.4836     -4898.0542      10832.616      2.2055818    
       750   5520.0677     -5104.864       10832.616      2.2055818    
      1000   6149.0389     -4925.1729      10832.616      2.2055818    
      1250   5631.2324     -4990.8811      10832.616      2.2055818    
      1500   5839.0653     -5008.4319      10832.616      2.2055818    
      1750   6108.6194     -4965.5129      10832.616      2.2055818    
      2000   5795.6103     -5024.7678      10832.616      2.2055818    
      2250   5946.5083     -4986.9277      10832.616      2.2055818    
      2500   6308.8777     -4958.9381      10832.616      2.2055818    
      2750   5727.4332     -5008.8335      10832.616      2.2055818    
      3000   6178.7198     -4966.7437      10832.616      2.2055818    
      3250   5784.2497     -5021.6588      10832.616      2.2055818    
      3500   6222.4666     -4999.5362      10832.616      2.2055818    
      3750   6038.1641     -5018.8238      10832.616      2.2055818    
      4000   6161.5007     -4970.2521      10832.616      2.2055818    
      4250   5984.8273     -5008.4628      10832.616      2.2055818    
      4500   6083.7359     -4997.7896      10832.616      2.2055818    
      4750   5984.2662     -4971.2923      10832.616      2.2055818    
      5000   5810.3585     -4994.1363      10832.616      2.2055818    
      5250   5724.6189     -4978.1505      10832.616      2.2055818    
      5500   6166.8806     -4952.3219      10832.616      2.2055818    
      5750   5712.0287     -5036.0423      10832.616      2.2055818    
      6000   5736.2562     -5008.0587      10832.616      2.2055818    
      6250   6307.411      -4962.5699      10832.616      2.2055818    
      6500   5822.5286     -5028.5642      10832.616      2.2055818    
      6750   6062.9763     -4987.9239      10832.616      2.2055818    
      7000   6345.8745     -4959.8386      10832.616      2.2055818    
      7250   5876.2207     -5029.6945      10832.616      2.2055818    
      7500   6117.3115     -4990.9307      10832.616      2.2055818    
      7750   6144.4579     -4974.1457      10832.616      2.2055818    
      8000   5704.8595     -5018.7189      10832.616      2.2055818    
      8250   5930.0957     -4988.3703      10832.616      2.2055818    
      8500   6127.5264     -4972.0888      10832.616      2.2055818    
      8750   5546.1695     -4993.3937      10832.616      2.2055818    
      9000   6138.3044     -4944.5875      10832.616      2.2055818    
      9250   6013.8695     -5020.262       10832.616      2.2055818    
      9500   6378.1498     -4980.133       10832.616      2.2055818    
      9750   6233.8692     -5000.9392      10832.616      2.2055818    
     10000   5958.3802     -4984.6613      10832.616      2.2055818    
Loop time of 69.6917 on 20 procs for 10000 steps with 718 atoms

Performance: 12.397 ns/day, 1.936 hours/ns, 143.489 timesteps/s, 103.025 katom-step/s
611.8% CPU use with 1 MPI tasks x 20 OpenMP threads

MPI task timing breakdown:
Section |  min time  |  avg time  |  max time  |%varavg| %total
---------------------------------------------------------------
Pair    | 53.136     | 53.136     | 53.136     |   0.0 | 76.24
Bond    | 0.0011073  | 0.0011073  | 0.0011073  |   0.0 |  0.00
Neigh   | 7.3538     | 7.3538     | 7.3538     |   0.0 | 10.55
Comm    | 0.23107    | 0.23107    | 0.23107    |   0.0 |  0.33
Output  | 0.58336    | 0.58336    | 0.58336    |   0.0 |  0.84
Modify  | 1.8913     | 1.8913     | 1.8913     |   0.0 |  2.71
Other   |            | 6.495      |            |       |  9.32

Nlocal:            718 ave         718 max         718 min
Histogram: 1 0 0 0 0 0 0 0 0 0
Nghost:           5183 ave        5183 max        5183 min
Histogram: 1 0 0 0 0 0 0 0 0 0
Neighs:         132451 ave      132451 max      132451 min
Histogram: 1 0 0 0 0 0 0 0 0 0
FullNghs:       264902 ave      264902 max      264902 min
Histogram: 1 0 0 0 0 0 0 0 0 0

Total # of neighbors = 264902
Ave neighs/atom = 368.94429
Ave special neighs/atom = 0
Neighbor list builds = 1297
Dangerous builds = 0
Setting up Verlet run ...
  Unit style    : metal
  Current step  : 10000
  Time step     : 0.001
Per MPI rank memory allocation (min/avg/max) = 32.39 | 32.39 | 32.39 Mbytes
   Step          Temp          TotEng         Volume        Density    
     10000   5958.3802     -4984.6613      10832.616      2.2055818    
     10250   6458.3509     -4946.5711      10832.616      2.2055818    
     10500   6027.441      -5008.9315      10832.616      2.2055818    
     10750   5888.0347     -5033.9986      10832.616      2.2055818    
     11000   5509.8901     -5072.0219      10832.616      2.2055818    
     11250   5721.9561     -5029.3371      10832.616      2.2055818    
     11500   5526.3273     -5083.5401      10832.616      2.2055818    
     11750   5871.0764     -5023.745       10832.616      2.2055818    
     12000   5638.777      -5088.1003      10832.616      2.2055818    
     12250   5774.7827     -5075.1329      10832.616      2.2055818    
     12500   5707.4129     -5084.1058      10832.616      2.2055818    
     12750   5848.1426     -5120.6548      10832.616      2.2055818    
     13000   5181.8887     -5143.0693      10832.616      2.2055818    
     13250   5357.3377     -5139.9484      10832.616      2.2055818    
     13500   5149.3631     -5174.9171      10832.616      2.2055818    
     13750   5646.4317     -5142.1927      10832.616      2.2055818    
     14000   4957.9388     -5193.9507      10832.616      2.2055818    
     14250   5479.9213     -5175.4333      10832.616      2.2055818    
     14500   4998.1997     -5222.0023      10832.616      2.2055818    
     14750   5375.2639     -5170.7811      10832.616      2.2055818    
     15000   5024.5092     -5230.5519      10832.616      2.2055818    
     15250   4879.2123     -5248.8036      10832.616      2.2055818    
     15500   4789.3348     -5295.5098      10832.616      2.2055818    
     15750   5156.0205     -5249.5314      10832.616      2.2055818    
     16000   4831.2928     -5285.5644      10832.616      2.2055818    
     16250   4676.2392     -5339.1431      10832.616      2.2055818    
     16500   4692.6838     -5307.4631      10832.616      2.2055818    
     16750   4849.3026     -5287.6147      10832.616      2.2055818    
     17000   4605.4104     -5354.3693      10832.616      2.2055818    
     17250   4617.4693     -5340.4014      10832.616      2.2055818    
     17500   4552.7849     -5339.7001      10832.616      2.2055818    
     17750   4392.3999     -5373.6581      10832.616      2.2055818    
     18000   4595.2228     -5415.6056      10832.616      2.2055818    
     18250   4508.7171     -5409.0946      10832.616      2.2055818    
     18500   4450.7351     -5397.4814      10832.616      2.2055818    
     18750   4194.2212     -5461.6999      10832.616      2.2055818    
     19000   4455.7243     -5428.5401      10832.616      2.2055818    
     19250   4292.1157     -5436.6334      10832.616      2.2055818    
     19500   4243.6111     -5472.2558      10832.616      2.2055818    
     19750   4134.2098     -5486.14        10832.616      2.2055818    
     20000   4083.671      -5498.165       10832.616      2.2055818    
     20250   4204.1223     -5472.6073      10832.616      2.2055818    
     20500   4143.6878     -5519.4909      10832.616      2.2055818    
     20750   3947.7624     -5515.2269      10832.616      2.2055818    
     21000   3913.999      -5507.77        10832.616      2.2055818    
     21250   3810.2271     -5549.4992      10832.616      2.2055818    
     21500   3871.4248     -5572.5023      10832.616      2.2055818    
     21750   3586.4257     -5619.2249      10832.616      2.2055818    
     22000   3830.387      -5592.1964      10832.616      2.2055818    
     22250   3535.0278     -5625.1704      10832.616      2.2055818    
     22500   3727.6643     -5618.0886      10832.616      2.2055818    
     22750   3518.0501     -5654.979       10832.616      2.2055818    
     23000   3651.2815     -5648.842       10832.616      2.2055818    
     23250   3286.7119     -5680.621       10832.616      2.2055818    
     23500   3563.4866     -5678.5128      10832.616      2.2055818    
     23750   3295.9946     -5701.4055      10832.616      2.2055818    
     24000   3342.4098     -5709.1334      10832.616      2.2055818    
     24250   3496.433      -5695.7866      10832.616      2.2055818    
     24500   3240.3253     -5732.365       10832.616      2.2055818    
     24750   3380.8033     -5706.0152      10832.616      2.2055818    
     25000   3237.657      -5751.0171      10832.616      2.2055818    
     25250   3163.8099     -5778.8835      10832.616      2.2055818    
     25500   2985.345      -5787.5477      10832.616      2.2055818    
     25750   3000.8651     -5793.0848      10832.616      2.2055818    
     26000   2844.2036     -5821.4718      10832.616      2.2055818    
     26250   3122.6512     -5794.0511      10832.616      2.2055818    
     26500   2862.5159     -5829.2562      10832.616      2.2055818    
     26750   2800.2361     -5855.4109      10832.616      2.2055818    
     27000   2746.0694     -5862.5376      10832.616      2.2055818    
     27250   2830.3503     -5873.6708      10832.616      2.2055818    
     27500   2612.2292     -5901.613       10832.616      2.2055818    
     27750   2743.6605     -5884.9463      10832.616      2.2055818    
     28000   2448.1021     -5917.1001      10832.616      2.2055818    
     28250   2582.6495     -5924.5205      10832.616      2.2055818    
     28500   2412.7014     -5944.4953      10832.616      2.2055818    
     28750   2478.7607     -5922.9597      10832.616      2.2055818    
     29000   2309.4059     -5951.8467      10832.616      2.2055818    
     29250   2330.2658     -5975.1417      10832.616      2.2055818    
     29500   2235.9203     -5989.0842      10832.616      2.2055818    
     29750   2227.1607     -5999.8664      10832.616      2.2055818    
     30000   2284.8533     -5990.5767      10832.616      2.2055818    
     30250   2083.5056     -6015.8899      10832.616      2.2055818    
     30500   2141.3858     -6017.2672      10832.616      2.2055818    
     30750   2175.5874     -6022.557       10832.616      2.2055818    
     31000   2004.4304     -6042.8186      10832.616      2.2055818    
     31250   1859.3692     -6064.9632      10832.616      2.2055818    
     31500   1876.9378     -6060.4191      10832.616      2.2055818    
     31750   1832.9339     -6065.6896      10832.616      2.2055818    
     32000   1832.5488     -6079.2393      10832.616      2.2055818    
     32250   1774.4104     -6095.2392      10832.616      2.2055818    
     32500   1764.1764     -6100.5495      10832.616      2.2055818    
     32750   1693.5601     -6116.1035      10832.616      2.2055818    
     33000   1632.7847     -6121.9955      10832.616      2.2055818    
     33250   1604.4749     -6135.4814      10832.616      2.2055818    
     33500   1552.3551     -6143.2805      10832.616      2.2055818    
     33750   1458.7823     -6153.7867      10832.616      2.2055818    
     34000   1375.2035     -6167.1488      10832.616      2.2055818    
     34250   1403.2158     -6163.641       10832.616      2.2055818    
     34500   1363.0321     -6169.9704      10832.616      2.2055818    
     34750   1339.7882     -6186.7092      10832.616      2.2055818    
     35000   1262.9387     -6197.8173      10832.616      2.2055818    
     35250   1244.1864     -6201.7656      10832.616      2.2055818    
     35500   1139.8983     -6213.7257      10832.616      2.2055818    
     35750   1150.5278     -6222.4414      10832.616      2.2055818    
     36000   1060.8856     -6229.7063      10832.616      2.2055818    
     36250   1020.826      -6240.0474      10832.616      2.2055818    
     36500   925.43111     -6250.3126      10832.616      2.2055818    
     36750   927.10101     -6258.4759      10832.616      2.2055818    
     37000   917.89616     -6267.3496      10832.616      2.2055818    
     37250   827.28003     -6276.4518      10832.616      2.2055818    
     37500   802.46941     -6285.8132      10832.616      2.2055818    
     37750   734.87008     -6295.1787      10832.616      2.2055818    
     38000   707.73448     -6303.8852      10832.616      2.2055818    
     38250   638.40592     -6312.7592      10832.616      2.2055818    
     38500   595.54341     -6321.5097      10832.616      2.2055818    
     38750   549.70941     -6330.5692      10832.616      2.2055818    
     39000   512.60933     -6339.5266      10832.616      2.2055818    
     39250   447.89246     -6348.6337      10832.616      2.2055818    
     39500   426.31614     -6357.4743      10832.616      2.2055818    
     39750   362.77917     -6366.359       10832.616      2.2055818    
     40000   324.94266     -6375.1186      10832.616      2.2055818    
Loop time of 187.945 on 20 procs for 30000 steps with 718 atoms

Performance: 13.791 ns/day, 1.740 hours/ns, 159.621 timesteps/s, 114.608 katom-step/s
467.2% CPU use with 1 MPI tasks x 20 OpenMP threads

MPI task timing breakdown:
Section |  min time  |  avg time  |  max time  |%varavg| %total
---------------------------------------------------------------
Pair    | 154.81     | 154.81     | 154.81     |   0.0 | 82.37
Bond    | 0.0029273  | 0.0029273  | 0.0029273  |   0.0 |  0.00
Neigh   | 14.02      | 14.02      | 14.02      |   0.0 |  7.46
Comm    | 0.56524    | 0.56524    | 0.56524    |   0.0 |  0.30
Output  | 1.5988     | 1.5988     | 1.5988     |   0.0 |  0.85
Modify  | 5.255      | 5.255      | 5.255      |   0.0 |  2.80
Other   |            | 11.69      |            |       |  6.22

Nlocal:            718 ave         718 max         718 min
Histogram: 1 0 0 0 0 0 0 0 0 0
Nghost:           5238 ave        5238 max        5238 min
Histogram: 1 0 0 0 0 0 0 0 0 0
Neighs:         132417 ave      132417 max      132417 min
Histogram: 1 0 0 0 0 0 0 0 0 0
FullNghs:       264834 ave      264834 max      264834 min
Histogram: 1 0 0 0 0 0 0 0 0 0

Total # of neighbors = 264834
Ave neighs/atom = 368.84958
Ave special neighs/atom = 0
Neighbor list builds = 2562
Dangerous builds = 0
Setting up Verlet run ...
  Unit style    : metal
  Current step  : 40000
  Time step     : 0.001
Per MPI rank memory allocation (min/avg/max) = 32.39 | 32.39 | 32.39 Mbytes
   Step          Temp          TotEng         Volume        Density    
     40000   324.94266     -6375.1186      10832.616      2.2055818    
     40250   331.58756     -6395.1946      9810.8156      2.4352941    
     40500   293.93076     -6403.1616      9834.1151      2.4295243    
     40750   312.24913     -6400.4964      9761.0381      2.4477132    
     41000   299.67004     -6402.1474      9793.3009      2.4396495    
     41250   300.13717     -6402.8817      9728.4818      2.4559044    
     41500   325.30397     -6400.7416      9747.3206      2.4511578    
     41750   297.02864     -6403.4504      9753.7258      2.4495482    
     42000   317.38333     -6400.5666      9699.8086      2.4631642    
     42250   291.48099     -6401.7631      9785.2644      2.4416531    
     42500   289.03183     -6403.059       9729.7569      2.4555825    
     42750   306.22088     -6400.2439      9741.0117      2.4527454    
     43000   300.02107     -6402.9436      9734.839       2.4543006    
     43250   296.41766     -6401.353       9760.6751      2.4478042    
     43500   321.30743     -6400.8679      9742.5337      2.4523622    
     43750   295.44278     -6402.8221      9731.492       2.4551447    
     44000   310.95981     -6400.5392      9766.5014      2.4463439    
     44250   297.59782     -6403.6644      9786.662       2.4413044    
     44500   315.94713     -6401.093       9742.5947      2.4523468    
     44750   293.108       -6402.0132      9723.0639      2.4572729    
     45000   306.65503     -6402.0838      9734.9173      2.4542809    
     45250   295.3511      -6401.9401      9772.0608      2.4449522    
     45500   291.29243     -6403.1392      9728.1928      2.4559774    
     45750   305.93563     -6400.1395      9718.1295      2.4585206    
     46000   303.77918     -6403.9595      9731.8587      2.4550522    
     46250   293.21561     -6405.2692      9705.7335      2.4616605    
     46500   312.05023     -6402.4132      9761.299       2.4476477    
     46750   291.17764     -6405.3998      9754.9121      2.4492503    
     47000   306.05989     -6403.3481      9737.823       2.4535485    
     47250   287.47014     -6404.9879      9780.8625      2.442752     
     47500   299.37355     -6403.7838      9713.1435      2.4597826    
     47750   298.37337     -6403.6666      9717.0614      2.4587908    
     48000   302.25833     -6405.0848      9695.1691      2.4643429    
     48250   308.49197     -6402.5201      9780.1631      2.4429267    
     48500   284.96899     -6405.6268      9780.3813      2.4428722    
     48750   298.07418     -6404.2598      9726.2021      2.45648      
     49000   302.15968     -6402.8869      9750.1335      2.4504507    
     49250   303.09633     -6404.2657      9719.5311      2.458166     
     49500   297.55009     -6404.4078      9716.2206      2.4590036    
     49750   311.94085     -6402.8062      9744.005       2.4519919    
     50000   294.4185      -6405.1187      9714.6202      2.4594087    
Loop time of 355.975 on 20 procs for 10000 steps with 718 atoms

Performance: 2.427 ns/day, 9.888 hours/ns, 28.092 timesteps/s, 20.170 katom-step/s
1673.8% CPU use with 1 MPI tasks x 20 OpenMP threads

MPI task timing breakdown:
Section |  min time  |  avg time  |  max time  |%varavg| %total
---------------------------------------------------------------
Pair    | 99.832     | 99.832     | 99.832     |   0.0 | 28.04
Bond    | 0.0014849  | 0.0014849  | 0.0014849  |   0.0 |  0.00
Neigh   | 1.3763     | 1.3763     | 1.3763     |   0.0 |  0.39
Comm    | 0.26846    | 0.26846    | 0.26846    |   0.0 |  0.08
Output  | 0.60775    | 0.60775    | 0.60775    |   0.0 |  0.17
Modify  | 251.36     | 251.36     | 251.36     |   0.0 | 70.61
Other   |            | 2.526      |            |       |  0.71

Nlocal:            718 ave         718 max         718 min
Histogram: 1 0 0 0 0 0 0 0 0 0
Nghost:           5498 ave        5498 max        5498 min
Histogram: 1 0 0 0 0 0 0 0 0 0
Neighs:         147747 ave      147747 max      147747 min
Histogram: 1 0 0 0 0 0 0 0 0 0
FullNghs:       295494 ave      295494 max      295494 min
Histogram: 1 0 0 0 0 0 0 0 0 0

Total # of neighbors = 295494
Ave neighs/atom = 411.55153
Ave special neighs/atom = 0
Neighbor list builds = 184
Dangerous builds = 0
System init for write_data ...
