  using 8 OpenMP thread(s) per MPI task
using multi-threaded neighbor list subroutines
Reading data file ...
  orthogonal box = (-2.3164529 -60 -60) to (13.21044 60 60)
  1 by 1 by 1 MPI processor grid
  reading atom labelmap ...
  reading bond labelmap ...
  reading angle labelmap ...
  reading dihedral labelmap ...
  reading improper labelmap ...
  reading atoms ...
  192 atoms
  scanning bonds ...
  3 = max bonds/atom
  scanning angles ...
  3 = max angles/atom
  scanning dihedrals ...
  12 = max dihedrals/atom
  scanning impropers ...
  1 = max impropers/atom
  orthogonal box = (-2.3164529 -60 -60) to (13.21044 60 60)
  1 by 1 by 1 MPI processor grid
  reading bonds ...
  288 bonds
  reading angles ...
  576 angles
  reading dihedrals ...
  1152 dihedrals
  reading impropers ...
  192 impropers
Finding 1-2 1-3 1-4 neighbors ...
  special bond factors lj:    0        0        1       
  special bond factors coul:  0        0        1       
     3 = max # of 1-2 neighbors
     6 = max # of 1-3 neighbors
    29 = max # of special neighbors
  special bonds CPU = 0.000 seconds
  read_data CPU = 0.006 seconds
192 atoms in group CNT
Read molecule template styrene:
styrene_molecule
  1 molecules
  0 fragments
  16 atoms with max type 4
  16 bonds with max type 11
  24 angles with max type 19
  32 dihedrals with max type 21
  8 impropers with max type 9
Created 3200 atoms
  using lattice units in orthogonal box = (-2.3164529 -60 -60) to (13.21044 60 60)
  create_atoms CPU = 0.088 seconds
PPPM initialization ...
WARNING: System is not charge neutral, net charge = -0.04 (src/kspace.cpp:327)
  using 12-bit tables for long-range coulomb (src/kspace.cpp:342)
  G vector (1/distance) = 0.26305894
  grid = 9 40 40
  stencil order = 5
  estimated absolute RMS force accuracy = 0.0032149548
  estimated relative force accuracy = 9.6817409e-06
  using double precision KISS FFT
  3d grid and FFT values/proc = 32400 14400
Generated 21 of 21 mixed pair_coeff terms from sixthpower/sixthpower mixing rule
Last active /omp style is kspace_style pppm/omp
Neighbor list info ...
  update: every = 1 steps, delay = 0 steps, check = yes
  max neighbors/atom: 2000, page size: 100000
  master list distance cutoff = 10.5
  ghost atom cutoff = 10.5
  binsize = 5.25, bins = 3 23 23
  1 neighbor lists, perpetual/occasional/extra = 1 0 0
  (1) pair lj/class2/coul/long/omp, perpetual
      attributes: half, newton on, omp
      pair build: half/bin/newton/omp
      stencil: half/bin/3d
      bin: standard
Setting up cg style minimization ...
  Unit style    : real
  Current step  : 0
WARNING: Inconsistent image flags (src/domain.cpp:1051)
Per MPI rank memory allocation (min/avg/max) = 24.1 | 24.1 | 24.1 Mbytes
   Step          Temp          E_pair         E_mol          TotEng         Press     
         0   0              2481.7682      33059.224      35540.992     -460.38193    
        90   0              1559.4952      10442.031      12001.526     -2206.5445    
Loop time of 0.437549 on 8 procs for 90 steps with 3392 atoms

814.3% CPU use with 1 MPI tasks x 8 OpenMP threads

Minimization stats:
  Stopping criterion = energy tolerance
  Energy initial, next-to-last, final = 
      35540.9920717563   12002.4859236629   12001.5257186809
  Force two-norm initial, final = 13128.037 37.531878
  Force max component initial, final = 659.35639 4.856523
  Final line search alpha, max atom move = 0.010159839 0.049341491
  Iterations, force evaluations = 90 179

MPI task timing breakdown:
Section |  min time  |  avg time  |  max time  |%varavg| %total
---------------------------------------------------------------
Pair    | 0.059705   | 0.059705   | 0.059705   |   0.0 | 13.65
Bond    | 0.12149    | 0.12149    | 0.12149    |   0.0 | 27.77
Kspace  | 0.24038    | 0.24038    | 0.24038    |   0.0 | 54.94
Neigh   | 0.0013542  | 0.0013542  | 0.0013542  |   0.0 |  0.31
Comm    | 0.004016   | 0.004016   | 0.004016   |   0.0 |  0.92
Output  | 0          | 0          | 0          |   0.0 |  0.00
Modify  | 0.0052822  | 0.0052822  | 0.0052822  |   0.0 |  1.21
Other   |            | 0.00532    |            |       |  1.22

Nlocal:           3392 ave        3392 max        3392 min
Histogram: 1 0 0 0 0 0 0 0 0 0
Nghost:           7635 ave        7635 max        7635 min
Histogram: 1 0 0 0 0 0 0 0 0 0
Neighs:         134397 ave      134397 max      134397 min
Histogram: 1 0 0 0 0 0 0 0 0 0

Total # of neighbors = 134397
Ave neighs/atom = 39.621757
Ave special neighs/atom = 8.6462264
Neighbor list builds = 1
Dangerous builds = 0
PPPM initialization ...
  using 12-bit tables for long-range coulomb (src/kspace.cpp:342)
  G vector (1/distance) = 0.26305894
  grid = 9 40 40
  stencil order = 5
  estimated absolute RMS force accuracy = 0.0032149548
  estimated relative force accuracy = 9.6817409e-06
  using double precision KISS FFT
  3d grid and FFT values/proc = 32400 14400
Generated 21 of 21 mixed pair_coeff terms from sixthpower/sixthpower mixing rule
Last active /omp style is kspace_style pppm/omp
Setting up Verlet run ...
  Unit style    : real
  Current step  : 0
  Time step     : 1
WARNING: Inconsistent image flags (src/domain.cpp:1051)
Per MPI rank memory allocation (min/avg/max) = 22.97 | 22.97 | 22.97 Mbytes
   Step          Temp          PotEng         TotEng         Press         Density    
         0   300            12001.526      15033.904     -1586.5767      0.17183267   
       500   270.94861      14145.872      16884.6       -1995.5049      0.19039631   
      1000   275.95259      14128.163      16917.472     -2741.5091      0.2121391    
      1500   299.64005      13903.663      16932.403     -3162.9853      0.23783068   
      2000   288.69732      14045.576      16963.707     -3377.6202      0.26848854   
      2500   297.8616       13948.381      16959.145     -3864.0737      0.3054803    
      3000   307.74165      13793.712      16904.342     -4424.0167      0.35067891   
      3500   303.02643      13693.782      16756.751     -4815.8487      0.40670454   
      4000   300.35616      13550.42       16586.398     -6116.6773      0.47731297   
      4500   303.06607      13427.186      16490.556     -7327.6453      0.56804188   
      5000   301.89896      13180.265      16231.838     -5851.6281      0.68733067   
      5500   305.48148      12937.343      16025.127     -8273.443       0.84855638   
Fix halt condition for fix-id myhal met on step 5640 with value 0.9039257417441501 (src/fix_halt.cpp:240)
Loop time of 18.4401 on 8 procs for 5640 steps with 3392 atoms

Performance: 26.426 ns/day, 0.908 hours/ns, 305.856 timesteps/s, 1.037 Matom-step/s
807.7% CPU use with 1 MPI tasks x 8 OpenMP threads

MPI task timing breakdown:
Section |  min time  |  avg time  |  max time  |%varavg| %total
---------------------------------------------------------------
Pair    | 2.8619     | 2.8619     | 2.8619     |   0.0 | 15.52
Bond    | 3.7279     | 3.7279     | 3.7279     |   0.0 | 20.22
Kspace  | 8.6997     | 8.6997     | 8.6997     |   0.0 | 47.18
Neigh   | 0.74193    | 0.74193    | 0.74193    |   0.0 |  4.02
Comm    | 0.21949    | 0.21949    | 0.21949    |   0.0 |  1.19
Output  | 0.00036239 | 0.00036239 | 0.00036239 |   0.0 |  0.00
Modify  | 2.1475     | 2.1475     | 2.1475     |   0.0 | 11.65
Other   |            | 0.04129    |            |       |  0.22

Nlocal:           3392 ave        3392 max        3392 min
Histogram: 1 0 0 0 0 0 0 0 0 0
Nghost:          12418 ave       12418 max       12418 min
Histogram: 1 0 0 0 0 0 0 0 0 0
Neighs:         653388 ave      653388 max      653388 min
Histogram: 1 0 0 0 0 0 0 0 0 0

Total # of neighbors = 653388
Ave neighs/atom = 192.62618
Ave special neighs/atom = 8.6462264
Neighbor list builds = 313
Dangerous builds = 0
-4.52486485233777 1.76037058038659
-4.52486485233777 1.76037058038659
PPPM initialization ...
  using 12-bit tables for long-range coulomb (src/kspace.cpp:342)
  G vector (1/distance) = 0.28904869
  grid = 9 24 24
  stencil order = 5
  estimated absolute RMS force accuracy = 0.0026123692
  estimated relative force accuracy = 7.8670722e-06
  using double precision KISS FFT
  3d grid and FFT values/proc = 13456 5184
Generated 21 of 21 mixed pair_coeff terms from sixthpower/sixthpower mixing rule
Last active /omp style is kspace_style pppm/omp
Setting up Verlet run ...
  Unit style    : real
  Current step  : 0
  Time step     : 1
WARNING: Inconsistent image flags (src/domain.cpp:1051)
Per MPI rank memory allocation (min/avg/max) = 21.44 | 21.44 | 21.44 Mbytes
   Step          Temp          PotEng         TotEng         Press         Density    
         0   300.14659      12854.339      15888.199     -4868.8195      0.90392574   
       500   306.50006      12833.073      15931.153     -5757.5457      0.90392574   
      1000   298.98412      12914.755      15936.865     -7562.2465      0.90392574   
      1500   294.33867      12933.764      15908.918     -7327.3378      0.90392574   
      2000   295.08008      12900.935      15883.583     -8993.1969      0.90392574   
      2500   300.60066      12947.724      15986.173     -10042.497      0.90392574   
      3000   298.13629      12966.393      15979.933     -9713.7399      0.90392574   
      3500   292.70332      13081.278      16039.901     -6968.3139      0.90392574   
      4000   296.61126      13038.515      16036.64      -8403.6321      0.90392574   
      4500   300.11217      13019.923      16053.435     -10965.894      0.90392574   
      5000   297.60036      13110.98       16119.102     -9771.4316      0.90392574   
      5500   310.13301      13021.876      16156.678     -10936.496      0.90392574   
      6000   306.05038      13117.84       16211.375     -11991.153      0.90392574   
      6500   295.78254      13120.069      16109.817     -9913.8826      0.90392574   
      7000   299.19393      13070.334      16094.564     -9967.624       0.90392574   
      7500   295.12729      13057.512      16040.637     -10770.351      0.90392574   
      8000   290.54041      13070.616      16007.377     -9482.0038      0.90392574   
      8500   295.58258      13116.353      16104.08      -9233.6572      0.90392574   
      9000   308.17573      13028.673      16143.691     -9459.4667      0.90392574   
      9500   300.15198      13164.017      16197.931     -10684.995      0.90392574   
     10000   306.9595       13106.325      16209.049     -9664.7992      0.90392574   
Loop time of 32.7933 on 8 procs for 10000 steps with 3392 atoms

Performance: 26.347 ns/day, 0.911 hours/ns, 304.940 timesteps/s, 1.034 Matom-step/s
768.7% CPU use with 1 MPI tasks x 8 OpenMP threads

MPI task timing breakdown:
Section |  min time  |  avg time  |  max time  |%varavg| %total
---------------------------------------------------------------
Pair    | 11.477     | 11.477     | 11.477     |   0.0 | 35.00
Bond    | 6.9023     | 6.9023     | 6.9023     |   0.0 | 21.05
Kspace  | 9.0368     | 9.0368     | 9.0368     |   0.0 | 27.56
Neigh   | 2.0077     | 2.0077     | 2.0077     |   0.0 |  6.12
Comm    | 0.51157    | 0.51157    | 0.51157    |   0.0 |  1.56
Output  | 1.9983     | 1.9983     | 1.9983     |   0.0 |  6.09
Modify  | 0.79842    | 0.79842    | 0.79842    |   0.0 |  2.43
Other   |            | 0.06074    |            |       |  0.19

Nlocal:           3392 ave        3392 max        3392 min
Histogram: 1 0 0 0 0 0 0 0 0 0
Nghost:          12385 ave       12385 max       12385 min
Histogram: 1 0 0 0 0 0 0 0 0 0
Neighs:         654437 ave      654437 max      654437 min
Histogram: 1 0 0 0 0 0 0 0 0 0

Total # of neighbors = 654437
Ave neighs/atom = 192.93544
Ave special neighs/atom = 8.6462264
Neighbor list builds = 443
Dangerous builds = 1
System init for write_data ...
PPPM initialization ...
  using 12-bit tables for long-range coulomb (src/kspace.cpp:342)
  G vector (1/distance) = 0.28904869
  grid = 9 24 24
  stencil order = 5
  estimated absolute RMS force accuracy = 0.0026123692
  estimated relative force accuracy = 7.8670722e-06
  using double precision KISS FFT
  3d grid and FFT values/proc = 13456 5184
Generated 21 of 21 mixed pair_coeff terms from sixthpower/sixthpower mixing rule
Last active /omp style is kspace_style pppm/omp
