  using 8 OpenMP thread(s) per MPI task
using multi-threaded neighbor list subroutines
Created orthogonal box = (-20 -20 -20) to (20 20 20)
  1 by 1 by 1 MPI processor grid
Created 1500 atoms
  using lattice units in orthogonal box = (-20 -20 -20) to (20 20 20)
  create_atoms CPU = 0.071 seconds
Created 100 atoms
  using lattice units in orthogonal box = (-20 -20 -20) to (20 20 20)
  create_atoms CPU = 0.009 seconds
Generated 1 of 1 mixed pair_coeff terms from geometric mixing rule
Last active /omp style is pair_style lj/cut/omp
Neighbor list info ...
  update: every = 1 steps, delay = 0 steps, check = yes
  max neighbors/atom: 2000, page size: 100000
  master list distance cutoff = 4.3
  ghost atom cutoff = 4.3
  binsize = 2.15, bins = 19 19 19
  1 neighbor lists, perpetual/occasional/extra = 1 0 0
  (1) pair lj/cut/omp, perpetual
      attributes: half, newton on, omp
      pair build: half/bin/newton/atomonly/omp
      stencil: half/bin/3d
      bin: standard
Setting up cg style minimization ...
  Unit style    : lj
  Current step  : 0
Per MPI rank memory allocation (min/avg/max) = 10.46 | 10.46 | 10.46 Mbytes
   Step         TotEng         Press     
         0   4763.6079      476.72391    
        10  -0.10757927     0.019212607  
        20  -0.3590574     -0.0045297554 
        30  -0.44846347    -0.0035880889 
        40  -0.51216848    -0.0030544758 
        50  -0.55688349    -0.0025420572 
        60  -0.60117277    -0.0025356303 
        70  -0.64596395    -0.0021089722 
        80  -0.68698865    -0.0020958392 
        90  -0.71854467    -0.0021499901 
       100  -0.75191901    -0.0020146586 
       110  -0.79248386    -0.0020993387 
       120  -0.8258257     -0.0022067359 
       130  -0.86215619    -0.0020775148 
       140  -0.8961236     -0.0018642847 
       150  -0.92874764    -0.0017972401 
       160  -0.95322447    -0.0020105418 
       170  -0.98628795    -0.0019318877 
       180  -1.0199165     -0.0016739984 
       190  -1.0463475     -0.0014517718 
       200  -1.0656177     -0.0014803797 
       210  -1.0878336     -0.0015756864 
       220  -1.1145038     -0.0015562359 
       230  -1.1374612     -0.0015893499 
       240  -1.1602611     -0.001336784  
       250  -1.1822808     -0.001306992  
       260  -1.2067026     -0.0012413871 
       270  -1.2323888     -0.001324815  
       280  -1.2528555     -0.001328972  
       290  -1.2722103     -0.0011173354 
       300  -1.2839929     -0.0011199702 
       310  -1.2968522     -0.0010933805 
       320  -1.3120062     -0.00116832   
       330  -1.3219486     -0.00097598234
       340  -1.3378605     -0.0011757066 
       350  -1.3484362     -0.00091245371
       360  -1.3580957     -0.00086073701
       370  -1.3736746     -0.00097009981
       380  -1.3898164     -0.0010521136 
       390  -1.4076706     -0.001118506  
       400  -1.4199229     -0.00099664791
       410  -1.4330324     -0.00091431132
       420  -1.4448669     -0.00086895892
       430  -1.456924      -0.00081000148
       440  -1.4659178     -0.00063648645
       450  -1.4742493     -0.00059888602
       460  -1.4815765     -0.00070092841
       470  -1.4914231     -0.00081109501
       480  -1.4987471     -0.00060134539
       490  -1.5075435     -0.000830513  
       500  -1.5171861     -0.00075852596
       510  -1.5229004     -0.00065486311
       520  -1.5343835     -0.00095677811
       530  -1.5455502     -0.00070540892
       540  -1.5555643     -0.00067405849
       550  -1.5634163     -0.00065592599
       560  -1.5692918     -0.00071778444
       570  -1.5745821     -0.00069484796
       580  -1.5781361     -0.0006467875 
       590  -1.5862785     -0.00068470524
       600  -1.596649      -0.00075594144
       610  -1.6041712     -0.00073980691
       620  -1.6106472     -0.00066036729
       630  -1.616395      -0.00067600652
       640  -1.6225012     -0.00056958924
       650  -1.6261521     -0.00056225304
       660  -1.6305074     -0.00073124946
       670  -1.6363509     -0.00069358818
       680  -1.6407952     -0.00073529156
       690  -1.6446757     -0.00067937094
       700  -1.6494752     -0.0005172997 
       710  -1.6577527     -0.00070403687
       720  -1.6633107     -0.00063235871
       730  -1.6687561     -0.00091586695
       740  -1.6728532     -0.00056217841
       750  -1.6795074     -0.00086259277
       760  -1.6862815     -0.00079046399
       770  -1.6920298     -0.00063041713
       780  -1.6972925     -0.00059985621
       790  -1.7028465     -0.00064815656
       800  -1.7068603     -0.00055151188
       810  -1.7094093     -0.00059722134
       820  -1.7124037     -0.00065431939
       830  -1.7153276     -0.00060466513
       840  -1.7201546     -0.00051756685
       850  -1.7257618     -0.00068611671
       860  -1.7321347     -0.00073550621
       870  -1.737432      -0.00081700656
       880  -1.7474483     -0.00078302753
       890  -1.7519477     -0.00068241998
       900  -1.759894      -0.0005982004 
       910  -1.766734      -0.00076532873
       920  -1.7718741     -0.00064345203
       930  -1.7749663     -0.00065398862
       940  -1.7813156     -0.00065308303
       950  -1.7862461     -0.0004212543 
       960  -1.7908554     -0.0005478461 
       970  -1.7967563     -0.0008220204 
       980  -1.8019211     -0.00054218677
       990  -1.8072599     -0.00058396479
      1000  -1.8177167     -0.0008576792 
Loop time of 0.829691 on 8 procs for 1000 steps with 1600 atoms

832.3% CPU use with 1 MPI tasks x 8 OpenMP threads

Minimization stats:
  Stopping criterion = max iterations
  Energy initial, next-to-last, final = 
      4763.60785672642  -1.81668672651399  -1.81771670246889
  Force two-norm initial, final = 1.3480591e+08 14.017457
  Force max component initial, final = 89896996 3.3741773
  Final line search alpha, max atom move = 0.017570767 0.059286885
  Iterations, force evaluations = 1000 1956

MPI task timing breakdown:
Section |  min time  |  avg time  |  max time  |%varavg| %total
---------------------------------------------------------------
Pair    | 0.29252    | 0.29252    | 0.29252    |   0.0 | 35.26
Neigh   | 0.16457    | 0.16457    | 0.16457    |   0.0 | 19.84
Comm    | 0.096346   | 0.096346   | 0.096346   |   0.0 | 11.61
Output  | 0.0032592  | 0.0032592  | 0.0032592  |   0.0 |  0.39
Modify  | 0.10885    | 0.10885    | 0.10885    |   0.0 | 13.12
Other   |            | 0.1641     |            |       | 19.78

Nlocal:           1600 ave        1600 max        1600 min
Histogram: 1 0 0 0 0 0 0 0 0 0
Nghost:           1371 ave        1371 max        1371 min
Histogram: 1 0 0 0 0 0 0 0 0 0
Neighs:           7388 ave        7388 max        7388 min
Histogram: 1 0 0 0 0 0 0 0 0 0

Total # of neighbors = 7388
Ave neighs/atom = 4.6175
Neighbor list builds = 362
Dangerous builds = 0
Generated 1 of 1 mixed pair_coeff terms from geometric mixing rule
Last active /omp style is pair_style lj/cut/omp
Setting up Verlet run ...
  Unit style    : lj
  Current step  : 1000
  Time step     : 0.005
Per MPI rank memory allocation (min/avg/max) = 9.333 | 9.333 | 9.333 Mbytes
   Step          Temp          TotEng         PotEng         KinEng         Press     
      1000   0             -1.8177167     -1.8177167      0             -0.0008576792 
      1050   0.96646563     0.080477852   -1.3683145      1.4487924      0.037241317  
      1100   0.94676043     0.24687369    -1.1723794      1.4192531      0.028938636  
      1150   1.0077336      0.43407376    -1.0765818      1.5106556      0.02611743   
      1200   1.0277213      0.53298824    -1.0076302      1.5406184      0.024799268  
      1250   0.98006627     0.51755671    -0.95162388     1.4691806      0.024635027  
      1300   0.98488507     0.59512644    -0.88127783     1.4764043      0.024839516  
      1350   1.0030893      0.65365022    -0.85004336     1.5036936      0.020856557  
      1400   0.99931569     0.69165877    -0.80637791     1.4980367      0.025210653  
      1450   1.0279772      0.7506942     -0.79030795     1.5410021      0.023186178  
      1500   0.99460823     0.74675977    -0.74422013     1.4909799      0.022378432  
      1550   0.96856391     0.72910795    -0.7228299      1.4519378      0.020257583  
      1600   0.98298227     0.78064262    -0.69290924     1.4735519      0.021777938  
      1650   0.96556787     0.77515206    -0.67229452     1.4474466      0.022789637  
      1700   1.0253678      0.87559652    -0.66149396     1.5370905      0.02253979   
      1750   0.97366151     0.81443234    -0.64514711     1.4595795      0.020196489  
      1800   0.99983338     0.88085229    -0.61796044     1.4988127      0.023487386  
      1850   1.0255101      0.9234302     -0.61387352     1.5373037      0.022181769  
      1900   0.98993479     0.89760926    -0.58636486     1.4839741      0.02312567   
      1950   1.0078237      0.94008008    -0.57071067     1.5107908      0.022009791  
      2000   0.9992702      0.93212839    -0.5658401      1.4979685      0.021797711  
      2050   0.96994807     0.89266301    -0.56134977     1.4540128      0.021201774  
      2100   1.0114002      0.98653594    -0.52961611     1.5161521      0.022896776  
      2150   1.0069486      0.97994316    -0.52953569     1.5094788      0.021550377  
      2200   1.0138159      1.0000175     -0.51975585     1.5197734      0.022240765  
      2250   1.0056277      0.99843262    -0.50906623     1.5074988      0.022180272  
      2300   0.97264055     0.9417284     -0.51632057     1.458049       0.019891886  
      2350   1.0147185      1.030588      -0.49053842     1.5211264      0.021226683  
      2400   1.0229959      1.0562871     -0.47724766     1.5335348      0.021432164  
      2450   0.99428413     1.0095509     -0.48094318     1.4904941      0.019866953  
      2500   0.97346217     0.9878422     -0.47143844     1.4592806      0.01766235   
      2550   1.008791       1.0542661     -0.45797462     1.5122407      0.020569239  
      2600   0.98666827     1.0219652     -0.45711222     1.4790774      0.020733601  
      2650   1.0044979      1.0613614     -0.44444371     1.5058051      0.021721147  
      2700   0.97453515     1.0263984     -0.43449066     1.4608891      0.0218385    
      2750   0.99544475     1.0594093     -0.43282462     1.4922339      0.023322155  
      2800   0.96147528     1.0044147     -0.43689683     1.4413115      0.020453987  
      2850   0.98319369     1.0560775     -0.41779133     1.4738688      0.02122273   
      2900   1.0413167      1.1480988     -0.41290006     1.5609988      0.02296011   
      2950   1.0000598      1.0846199     -0.41453229     1.4991522      0.021880663  
      3000   0.98306702     1.0627652     -0.41091375     1.4736789      0.021359277  
      3050   1.0379733      1.1413539     -0.41463295     1.5559868      0.022134693  
      3100   0.99550764     1.0817105     -0.41061772     1.4923282      0.02116263   
      3150   0.96969463     1.0481873     -0.40544555     1.4536329      0.020725491  
      3200   1.0021381      1.0995477     -0.40271988     1.5022676      0.021139954  
      3250   0.97707589     1.0645385     -0.40015929     1.4646978      0.021434721  
      3300   1.0480852      1.1605424     -0.41060276     1.5711452      0.022049465  
      3350   1.0241864      1.1351493     -0.40017007     1.5353194      0.022384874  
      3400   1.0006299      1.0995018     -0.400505       1.5000068      0.02231189   
      3450   1.0193046      1.139581      -0.38842023     1.5280013      0.022030617  
      3500   0.98699733     1.0818745     -0.3976962      1.4795707      0.020633045  
      3550   0.98898816     1.1011466     -0.38140846     1.4825551      0.021942935  
      3600   1.0007746      1.1108989     -0.38932488     1.5002237      0.021135072  
      3650   1.01727        1.1466533     -0.37829807     1.5249514      0.02283774   
      3700   1.0338141      1.1792777     -0.37047415     1.5497519      0.025289147  
      3750   1.0168726      1.1437635     -0.38059212     1.5243556      0.022966986  
      3800   1.0082145      1.1295568     -0.38181973     1.5113765      0.02242761   
      3850   1.0156315      1.1445642     -0.37793093     1.5224951      0.022765432  
      3900   0.99974428     1.1222523     -0.3764269      1.4986792      0.021849836  
      3950   0.99685186     1.1283551     -0.36598811     1.4943432      0.020751499  
      4000   0.99454189     1.1186009     -0.37227959     1.4908804      0.019862197  
      4050   0.99752551     1.1255759     -0.36977723     1.4953531      0.021141918  
      4100   0.97594957     1.1046525     -0.35835692     1.4630094      0.021544415  
      4150   1.0578411      1.229033      -0.35673688     1.5857699      0.024373509  
      4200   0.98771589     1.1224895     -0.35815839     1.4806479      0.021463632  
      4250   1.0087419      1.1530454     -0.35912172     1.5121672      0.020428989  
      4300   1.0021759      1.1519012     -0.35042312     1.5023243      0.021140063  
      4350   0.98711485     1.1384964     -0.34125045     1.4797469      0.022397627  
      4400   1.0423987      1.2225847     -0.34003607     1.5626207      0.022992514  
      4450   0.9945951      1.1543383     -0.33662191     1.4909602      0.022059072  
      4500   0.9917486      1.1470217     -0.33967145     1.4866931      0.021230336  
      4550   0.96355712     1.0985292     -0.34590318     1.4444323      0.019561545  
      4600   1.0018253      1.1559407     -0.34585804     1.5017987      0.021065286  
      4650   0.95754351     1.0963197     -0.33909785     1.4354176      0.019926615  
      4700   0.98838763     1.1548027     -0.32685217     1.4816548      0.021116834  
      4750   0.98598335     1.145336      -0.33271469     1.4780507      0.021189571  
      4800   1.0213383      1.2004675     -0.33058249     1.53105        0.022927339  
      4850   1.0102195      1.1860659     -0.32831618     1.5143821      0.02229407   
      4900   1.024583       1.2204557     -0.31545828     1.5359139      0.025177208  
      4950   0.9699944      1.1117461     -0.34233618     1.4540822      0.019662075  
      5000   1.0072915      1.1700789     -0.33991401     1.5099929      0.021865987  
      5050   1.0208968      1.18695       -0.34343804     1.5303881      0.021242178  
      5100   0.98066501     1.1157231     -0.35435508     1.4700781      0.019672808  
      5150   0.98817986     1.1287209     -0.35262248     1.4813434      0.019485949  
      5200   1.0212628      1.1869909     -0.34394581     1.5309367      0.022834601  
      5250   1.0212537      1.1953615     -0.33556156     1.5309231      0.022195638  
      5300   0.99247327     1.1502959     -0.33748355     1.4877795      0.021945383  
      5350   0.99549683     1.1542824     -0.33802954     1.492312       0.021312529  
      5400   1.0369133      1.2152489     -0.33914884     1.5543978      0.021666234  
      5450   0.94610221     1.0775623     -0.34070403     1.4182663      0.019804066  
      5500   0.99510182     1.1598486     -0.3318712      1.4917198      0.02168398   
      5550   0.99371616     1.1597616     -0.32988107     1.4896426      0.022344761  
      5600   1.0385789      1.2241311     -0.33276355     1.5568946      0.022962926  
      5650   0.98610421     1.1518556     -0.32637621     1.4782318      0.02179698   
      5700   0.98889068     1.153399      -0.32900994     1.4824089      0.021460497  
      5750   0.96272311     1.1143015     -0.3288806      1.4431821      0.019926629  
      5800   1.0194152      1.2028971     -0.32527003     1.5281671      0.021992533  
      5850   1.0312111      1.2214845     -0.32436532     1.5458498      0.021760799  
      5900   0.99126079     1.1614498     -0.32451204     1.4859619      0.02068752   
      5950   1.0104452      1.1856576     -0.32906299     1.5147206      0.021852844  
      6000   1.0244432      1.2057776     -0.32992685     1.5357044      0.023066141  
      6050   0.9903845      1.1599164     -0.32473187     1.4846483      0.022628207  
      6100   1.0134171      1.1903456     -0.32883001     1.5191756      0.021230259  
      6150   1.020053       1.20626       -0.3228632      1.5291232      0.023091947  
      6200   1.008447       1.1882475     -0.32347764     1.5117251      0.021713505  
      6250   1.0259496      1.2163381     -0.3216244      1.5379626      0.023134073  
      6300   1.032161       1.2212139     -0.32606006     1.5472739      0.021431465  
      6350   0.99219979     1.1658786     -0.32149094     1.4873695      0.020538367  
      6400   1.0037402      1.1881537     -0.31651561     1.5046693      0.022216008  
      6450   0.98025711     1.1487654     -0.32070127     1.4694667      0.020887232  
      6500   1.010911       1.1981171     -0.31730168     1.5154188      0.02170991   
      6550   1.0032681      1.1879696     -0.31599189     1.5039615      0.022470473  
      6600   0.98255045     1.1522949     -0.32060959     1.4729045      0.02121436   
      6650   0.99414973     1.1751142     -0.31517835     1.4902926      0.022423408  
      6700   0.99083135     1.1637632     -0.32155494     1.4853181      0.020463812  
      6750   0.98413964     1.1503643     -0.32492252     1.4752868      0.021073621  
      6800   1.010543       1.1819042     -0.33296286     1.5148671      0.021086458  
      6850   0.98939563     1.1602686     -0.32289728     1.4831659      0.021885526  
      6900   1.0229478      1.2089822     -0.32448047     1.5334626      0.022239152  
      6950   1.0284204      1.2106156     -0.33105082     1.5416665      0.023342253  
      7000   1.0228671      1.2039661     -0.3293757      1.5333418      0.022534113  
      7050   1.0039603      1.1786075     -0.32639169     1.5049992      0.021275279  
      7100   0.96070651     1.1231284     -0.31703066     1.4401591      0.020853536  
      7150   0.97231039     1.1341165     -0.32343754     1.457554       0.021194631  
      7200   0.98303611     1.1483651     -0.3252675      1.4736326      0.021659721  
      7250   1.0085932      1.1859583     -0.32598597     1.5119443      0.021303844  
      7300   0.9812854      1.1494362     -0.32157194     1.4710081      0.021072168  
      7350   0.99823629     1.170748      -0.32567058     1.4964186      0.020555452  
      7400   1.0338197      1.2292543     -0.32050602     1.5497603      0.022215024  
      7450   1.0164084      1.2086464     -0.3150133      1.5236597      0.022873958  
      7500   1.0112286      1.1971901     -0.31870472     1.5158948      0.022190853  
      7550   0.99902054     1.1828063     -0.31478798     1.4975942      0.022329418  
      7600   0.98759566     1.165723      -0.3147446      1.4804676      0.022377076  
      7650   1.0161974      1.2177406     -0.30560272     1.5233434      0.023703519  
      7700   0.99089576     1.1596677     -0.32574696     1.4854147      0.02166429   
      7750   1.0044949      1.1780289     -0.32777185     1.5058007      0.022441943  
      7800   1.0000801      1.172837      -0.3263455      1.4991825      0.023750673  
      7850   1.005147       1.1728863     -0.3338919      1.5067782      0.022199718  
      7900   1.0236456      1.1963613     -0.33814754     1.5345088      0.022172405  
      7950   1.0136385      1.1956018     -0.32390566     1.5195075      0.022664549  
      8000   1.013547       1.193822      -0.32554821     1.5193703      0.021507206  
      8050   1.0026509      1.1791126     -0.32392377     1.5030363      0.021729561  
      8100   0.99119456     1.1539603     -0.33190233     1.4858626      0.02166375   
      8150   1.0052869      1.1745578     -0.3324301      1.5069879      0.021105616  
      8200   0.99797015     1.1593218     -0.33669778     1.4960196      0.021750762  
      8250   1.011248       1.1778093     -0.3381147      1.515924       0.021719507  
      8300   0.98634886     1.1426535     -0.33594513     1.4785986      0.021961899  
      8350   0.99124708     1.1572467     -0.32869464     1.4859413      0.021498939  
      8400   0.99454512     1.1639482     -0.32693711     1.4908853      0.0227182    
      8450   0.99268928     1.1654409     -0.32266235     1.4881033      0.022159086  
      8500   1.0110912      1.1872861     -0.32840274     1.5156888      0.021241854  
      8550   1.002367       1.1868564     -0.31575442     1.5026108      0.02212872   
      8600   1.0083081      1.1909796     -0.32053734     1.5115169      0.020918578  
      8650   1.0092167      1.2026036     -0.31027528     1.5128789      0.021817688  
      8700   1.0169947      1.2161279     -0.30841072     1.5245386      0.021923603  
      8750   1.0293581      1.2323965     -0.3106756      1.5430721      0.021684328  
      8800   0.97983277     1.1726571     -0.29617349     1.4688306      0.021246629  
      8850   0.98630543     1.1769252     -0.30160827     1.4785335      0.02074476   
      8900   0.98173917     1.1714176     -0.30027077     1.4716884      0.022349686  
      8950   0.99963051     1.1956896     -0.30281906     1.4985086      0.021931128  
      9000   0.98790594     1.1741188     -0.30681395     1.4809327      0.020971186  
      9050   1.0160269      1.2165907     -0.30649723     1.5230879      0.021619408  
      9100   1.0250334      1.2308312     -0.30575792     1.5365891      0.022129202  
      9150   0.96779317     1.1460244     -0.30475805     1.4507824      0.021807973  
      9200   0.99752682     1.1859556     -0.30939943     1.495355       0.021119775  
      9250   1.0278409      1.2391936     -0.30160412     1.5407977      0.021785575  
      9300   1.0216029      1.2293369     -0.30210972     1.5314466      0.02178657   
      9350   1.0088162      1.2024991     -0.30977941     1.5122785      0.020731529  
      9400   0.97848078     1.1655145     -0.30128939     1.4668038      0.021346839  
      9450   1.0059933      1.2027519     -0.30529503     1.5080469      0.020442017  
      9500   0.99031887     1.18542       -0.29912987     1.4845499      0.022014723  
      9550   0.99978177     1.202561      -0.29617435     1.4987354      0.021715135  
      9600   1.0372298      1.2605856     -0.29428659     1.5548722      0.02305149   
      9650   1.0345851      1.2518588     -0.29904894     1.5509078      0.022462007  
      9700   0.98981851     1.1826607     -0.30113911     1.4837998      0.020937085  
      9750   1.0184091      1.2235412     -0.3031177      1.5266589      0.021439886  
      9800   0.98235589     1.1738263     -0.29878657     1.4726129      0.02208991   
      9850   1.0245332      1.2471182     -0.28872104     1.5358392      0.022674318  
      9900   0.99227235     1.1961097     -0.29136855     1.4874783      0.021455393  
      9950   1.0089152      1.2186492     -0.29377779     1.512427       0.02176133   
     10000   1.0374234      1.2492454     -0.30591712     1.5551625      0.021370223  
     10050   1.0109576      1.2264001     -0.2890885      1.5154886      0.022131003  
     10100   0.98229666     1.1741601     -0.29836396     1.4725241      0.020981892  
     10150   0.98152998     1.1683563     -0.30301848     1.4713748      0.020776739  
     10200   0.97616666     1.1640832     -0.29925166     1.4633348      0.020650019  
     10250   0.98945522     1.1772404     -0.30601486     1.4832552      0.020962278  
     10300   0.99371562     1.1800453     -0.30959656     1.4896418      0.021409084  
     10350   1.0102497      1.2017428     -0.31268463     1.5144274      0.020903118  
     10400   1.0157291      1.2129228     -0.3097185      1.5226413      0.020438982  
     10450   1.0098778      1.2054283     -0.30844163     1.51387        0.022300839  
     10500   1.0164795      1.2189375     -0.30482874     1.5237663      0.023086384  
     10550   1.0095378      1.2043032     -0.30905707     1.5133603      0.021605392  
     10600   1.0172106      1.2132274     -0.3116349      1.5248623      0.022272236  
     10650   1.0137269      1.2224043     -0.29723572     1.51964        0.02351435   
     10700   1.0562183      1.274647      -0.30869026     1.5833372      0.022842061  
     10750   1.0031663      1.1994563     -0.30435275     1.503809       0.022848079  
     10800   0.99726426     1.1877228     -0.30723864     1.4949615      0.021134265  
     10850   1.0292429      1.2364592     -0.30644028     1.5428994      0.02296037   
     10900   0.99445807     1.1847182     -0.30603663     1.4907548      0.020760701  
     10950   0.99409982     1.1860969     -0.30412082     1.4902178      0.020703909  
     11000   0.98550013     1.1775675     -0.29975876     1.4773263      0.021436807  
Loop time of 41.2943 on 8 procs for 10000 steps with 1600 atoms

Performance: 104614.842 tau/day, 242.164 timesteps/s, 387.462 katom-step/s
279.4% CPU use with 1 MPI tasks x 8 OpenMP threads

MPI task timing breakdown:
Section |  min time  |  avg time  |  max time  |%varavg| %total
---------------------------------------------------------------
Pair    | 0.67132    | 0.67132    | 0.67132    |   0.0 |  1.63
Neigh   | 0.42551    | 0.42551    | 0.42551    |   0.0 |  1.03
Comm    | 0.29187    | 0.29187    | 0.29187    |   0.0 |  0.71
Output  | 37.309     | 37.309     | 37.309     |   0.0 | 90.35
Modify  | 2.4962     | 2.4962     | 2.4962     |   0.0 |  6.04
Other   |            | 0.1006     |            |       |  0.24

Nlocal:           1600 ave        1600 max        1600 min
Histogram: 1 0 0 0 0 0 0 0 0 0
Nghost:           1339 ave        1339 max        1339 min
Histogram: 1 0 0 0 0 0 0 0 0 0
Neighs:           7113 ave        7113 max        7113 min
Histogram: 1 0 0 0 0 0 0 0 0 0

Total # of neighbors = 7113
Ave neighs/atom = 4.445625
Neighbor list builds = 1246
Dangerous builds = 0
