  using 8 OpenMP thread(s) per MPI task
using multi-threaded neighbor list subroutines
Reading data file ...
  orthogonal box = (-3.5137873 2.3292479 1.4045505) to (24.099365 18.25633 19.181027)
  1 by 1 by 1 MPI processor grid
  reading atom labelmap ...
  reading atoms ...
  576 atoms
  reading velocities ...
  576 velocities
Finding 1-2 1-3 1-4 neighbors ...
  special bond factors lj:    0        0        0       
  special bond factors coul:  0        0        0       
     0 = max # of 1-2 neighbors
     0 = max # of 1-3 neighbors
     0 = max # of 1-4 neighbors
     1 = max # of special neighbors
  special bonds CPU = 0.000 seconds
  read_data CPU = 0.019 seconds
WARNING: Van der Waals parameters for element SI indicate inner wall+shielding, but earlier atoms indicate a different van der Waals method. This may cause division-by-zero errors. Keeping van der Waals setting for earlier atoms. (src/REAXFF/reaxff_ffield.cpp:249)
WARNING: Van der Waals parameters for element AL indicate inner wall+shielding, but earlier atoms indicate a different van der Waals method. This may cause division-by-zero errors. Keeping van der Waals setting for earlier atoms. (src/REAXFF/reaxff_ffield.cpp:249)
WARNING: Changed valency_val to valency_boc for X (src/REAXFF/reaxff_ffield.cpp:294)
192 atoms in group grpSi
384 atoms in group grpO
WARNING: Detected non-ASCII characters in input. Will try to continue by replacing with ASCII equivalents where known. (src/input.cpp:478)
WARNING: Resetting reneighboring criteria to 'delay 0 every 5 check no' due to fix reaxff/species averaging of bond data (src/REAXFF/fix_reaxff_species.cpp:126)

CITE-CITE-CITE-CITE-CITE-CITE-CITE-CITE-CITE-CITE-CITE-CITE-CITE

Your simulation uses code contributions which should be cited:
- Type Label Framework: https://doi.org/10.1021/acs.jpcb.3c08419
- pair reaxff command: doi:10.1016/j.parco.2011.08.005
- pair reaxff/omp and fix qeq/reaxff/omp command: doi:10.1177/1094342017746221
The log file lists these citations in BibTeX format.

CITE-CITE-CITE-CITE-CITE-CITE-CITE-CITE-CITE-CITE-CITE-CITE-CITE

Last active /omp style is pair_style reaxff/omp
Neighbor list info ...
  update: every = 5 steps, delay = 0 steps, check = no
  max neighbors/atom: 2000, page size: 100000
  master list distance cutoff = 12
  ghost atom cutoff = 12
  binsize = 6, bins = 5 3 3
  2 neighbor lists, perpetual/occasional/extra = 2 0 0
  (1) pair reaxff/omp, perpetual
      attributes: half, newton off, ghost, omp
      pair build: half/bin/newtoff/ghost/omp
      stencil: full/ghost/bin/3d
      bin: standard
  (2) fix qeq/reaxff/omp, perpetual, copy from (1)
      attributes: half, newton off
      pair build: copy
      stencil: none
      bin: none
Setting up Verlet run ...
  Unit style    : real
  Current step  : 0
  Time step     : 0.5
Per MPI rank memory allocation (min/avg/max) = 257 | 257 | 257 Mbytes
   Step          Temp          TotEng         Press          Volume         v_qSi           v_qO     
         0   289.34299     -85802.418     -8271.7334      7818.04        1.8722038     -0.9361019    
       200   308.94913     -85787.314      8511.4798      7818.04        1.8770995     -0.93854974   
       400   306.63079     -85749.311      3562.5016      7818.04        1.8743635     -0.93718177   
       600   309.91949     -85744.196      4409.8709      7818.04        1.8774538     -0.93872691   
       800   313.63428     -85755.662     -510.26194      7818.04        1.8725201     -0.93626007   
      1000   301.26087     -85776.382      3246.7992      7818.04        1.8813501     -0.94067503   
      1200   299.17615     -85795.041     -1243.3146      7818.04        1.87914       -0.93956999   
      1400   308.75159     -85791.731     -953.38359      7818.04        1.8586152     -0.92930759   
      1600   303.41831     -85758.756      1178.7779      7818.04        1.8697448     -0.9348724    
      1800   320.58055     -85730.258     -2490.9758      7818.04        1.859726      -0.929863     
      2000   292.55713     -85755.271      8261.4888      7818.04        1.8626495     -0.93132473   
      2200   306.01547     -85785.406     -2149.7011      7818.04        1.8677508     -0.93387538   
      2400   294.25835     -85795.67       2801.239       7818.04        1.8776163     -0.93880816   
      2600   295.242       -85783.212      1742.7782      7818.04        1.8689056     -0.93445278   
      2800   305.22001     -85765.232     -901.42568      7818.04        1.8589147     -0.92945736   
      3000   322.38378     -85736.233      8265.8022      7818.04        1.8707733     -0.93538664   
      3200   316.75845     -85699.849     -1283.2588      7818.04        1.8711282     -0.93556408   
      3400   327.28101     -85729.197     -5320.86        7818.04        1.8566842     -0.92834208   
      3600   301.88844     -85763.438      2083.5632      7818.04        1.8772184     -0.93860921   
      3800   294.302       -85773.461     -2046.0343      7818.04        1.8651865     -0.93259324   
      4000   302.34949     -85793.032      8409.9504      7818.04        1.8812485     -0.94062426   
      4200   290.78039     -85815.284      2824.4234      7818.04        1.8830136     -0.94150681   
      4400   300.71062     -85805.549     -423.45485      7818.04        1.8660389     -0.93301943   
      4600   309.66266     -85761.116      3849.3583      7818.04        1.8715112     -0.93575561   
      4800   308.38256     -85749.307      1863.3333      7818.04        1.8717374     -0.93586868   
      5000   307.54054     -85766.949      3274.0822      7818.04        1.8700807     -0.93504034   
Loop time of 118.525 on 8 procs for 5000 steps with 576 atoms

Performance: 1.822 ns/day, 13.169 hours/ns, 42.185 timesteps/s, 24.299 katom-step/s
782.3% CPU use with 1 MPI tasks x 8 OpenMP threads

MPI task timing breakdown:
Section |  min time  |  avg time  |  max time  |%varavg| %total
---------------------------------------------------------------
Pair    | 72.515     | 72.515     | 72.515     |   0.0 | 61.18
Bond    | 0.00098754 | 0.00098754 | 0.00098754 |   0.0 |  0.00
Neigh   | 13.468     | 13.468     | 13.468     |   0.0 | 11.36
Comm    | 0.38385    | 0.38385    | 0.38385    |   0.0 |  0.32
Output  | 3.1864     | 3.1864     | 3.1864     |   0.0 |  2.69
Modify  | 28.95      | 28.95      | 28.95      |   0.0 | 24.43
Other   |            | 0.02049    |            |       |  0.02

Nlocal:            576 ave         576 max         576 min
Histogram: 1 0 0 0 0 0 0 0 0 0
Nghost:           5693 ave        5693 max        5693 min
Histogram: 1 0 0 0 0 0 0 0 0 0
Neighs:         240817 ave      240817 max      240817 min
Histogram: 1 0 0 0 0 0 0 0 0 0

Total # of neighbors = 240817
Ave neighs/atom = 418.08507
Ave special neighs/atom = 0
Neighbor list builds = 1000
Dangerous builds not checked
Last active /omp style is pair_style reaxff/omp
Setting up Verlet run ...
  Unit style    : real
  Current step  : 5000
  Time step     : 0.5
Per MPI rank memory allocation (min/avg/max) = 257.8 | 257.8 | 257.8 Mbytes
   Step          Temp          TotEng         Press          Volume         v_qSi           v_qO     
      5000   307.54054     -85766.949      3274.7316      7818.04        1.8700783     -0.93503915   
      5200   303.24692     -85790.091      2306.7822      7857.1302      1.8731345     -0.93656726   
      5400   304.2325      -85786.609     -1065.7184      7896.2204      1.8695696     -0.9347848    
      5600   296.05979     -85763.099     -12492.506      7935.3106      1.8573887     -0.92869437   
      5800   286.30832     -85738.598     -7863.7601      7974.4008      1.8513534     -0.92567668   
      6000   298.34199     -85706.387     -11097.951      8013.491       1.8626156     -0.93130781   
      6200   319.28965     -85645.566     -21519.357      8052.5812      1.8399452     -0.91997262   
      6400   321.96962     -85622.835     -18247.185      8091.6714      1.8454763     -0.92273813   
      6600   302.77594     -85652.942     -24687.366      8130.7616      1.8366437     -0.91832185   
      6800   292.18726     -85649.027     -19641.572      8169.8518      1.8406719     -0.92033596   
      7000   299.27084     -85604.382     -21089.223      8208.942       1.8267544     -0.91337718   
      7200   309.37173     -85538.008     -30137.496      8248.0322      1.8120803     -0.90604015   
      7400   307.45826     -85500.143     -27617.407      8287.1224      1.8144217     -0.90721085   
      7600   300.72886     -85480.674     -27861.658      8326.2126      1.8088532     -0.9044266    
      7800   291.25882     -85475.361     -30393.908      8365.3028      1.8033657     -0.90168286   
      8000   282.41979     -85468.064     -32948.219      8404.393       1.8016733     -0.90083667   
      8200   274.28763     -85448.643     -39168.353      8443.4832      1.7867607     -0.89338035   
      8400   286.92658     -85361.506     -39075.448      8482.5734      1.7787893     -0.88939463   
      8600   285.12399     -85280.813     -40159.364      8521.6636      1.7774461     -0.88872306   
      8800   309.0173      -85204.137     -41686.763      8560.7538      1.7686434     -0.88432168   
      9000   311.2335      -85126.111     -45749.845      8599.844       1.750872      -0.87543601   
      9200   299.11932     -85081.925     -42039.825      8638.9342      1.753855      -0.87692749   
      9400   299.93265     -85060.77      -46715.914      8678.0244      1.7459155     -0.87295773   
      9600   287.20481     -85022.15      -50494.599      8717.1146      1.7346419     -0.86732097   
      9800   305.53174     -84940.179     -48472.787      8756.2048      1.7313949     -0.86569747   
     10000   301.23874     -84825.87      -53730.841      8795.295       1.7223045     -0.86115227   
     10200   305.66232     -84761.569     -55024.107      8834.3852      1.7169638     -0.85848188   
     10400   301.31959     -84711.589     -58467.152      8873.4754      1.7096494     -0.85482469   
     10600   289.05411     -84667.89      -54011.448      8912.5656      1.7136248     -0.85681238   
     10800   290.8426      -84603.445     -57856.741      8951.6558      1.7059315     -0.85296575   
     11000   286.84882     -84483.464     -56908.737      8990.746       1.6936886     -0.84684432   
     11200   309.25167     -84375.028     -68570.735      9029.8362      1.6782324     -0.8391162    
     11400   302.63576     -84298.32      -65417.685      9068.9264      1.6696924     -0.83484619   
     11600   296.06423     -84238.555     -72167.777      9108.0166      1.6701325     -0.83506627   
     11800   297.13407     -84170.419     -75569.946      9147.1068      1.6687247     -0.83436236   
     12000   294.28053     -84078.638     -76821.378      9186.197       1.661303      -0.83065152   
     12200   287.36237     -83939.5       -81544.48       9225.2872      1.6440873     -0.82204364   
     12400   307.79801     -83826.989     -81655.264      9264.3774      1.6489156     -0.82445782   
     12600   298.04993     -83741.848     -87490.196      9303.4676      1.6409057     -0.82045283   
     12800   294.37071     -83671.25      -85743.389      9342.5578      1.6365179     -0.81825895   
     13000   292.03497     -83582.895     -86593.786      9381.648       1.6250467     -0.81252337   
     13200   292.0893      -83460.968     -93989.702      9420.7382      1.6182148     -0.80910741   
     13400   298.47278     -83340.034     -94927.825      9459.8284      1.6178855     -0.80894277   
     13600   314.34217     -83211.325     -97358.661      9498.9186      1.6064241     -0.80321206   
     13800   293.98522     -83082.407     -98307.343      9538.0088      1.5964905     -0.79824524   
     14000   296.74433     -82958.411     -99803.727      9577.099       1.5932244     -0.79661219   
     14200   299.49437     -82835.854     -99371.376      9616.1892      1.5964724     -0.79823622   
     14400   303.67531     -82726.34      -103358.76      9655.2794      1.587276      -0.79363799   
     14600   301.63698     -82630.361     -109346.21      9694.3696      1.573937      -0.78696848   
     14800   282.01117     -82509.806     -114712.5       9733.4598      1.5601858     -0.78009292   
     15000   303.81375     -82349.006     -112856.6       9772.55        1.5639689     -0.78198443   
     15200   301.92969     -82181.161     -116667.37      9811.6402      1.5523606     -0.77618032   
     15400   314.7832      -82054.628     -121276.77      9850.7304      1.5456508     -0.77282538   
     15600   303.37359     -81942.185     -119596.11      9889.8206      1.5379867     -0.76899333   
     15800   295.30938     -81815.58      -126980.43      9928.9108      1.5358468     -0.76792339   
     16000   302.30783     -81676.477     -127209.17      9968.001       1.531138      -0.76556902   
     16200   312.21332     -81519.075     -128333.16      10007.091      1.5300562     -0.76502811   
     16400   331.39139     -81308.184     -127348.4       10046.181      1.5172188     -0.75860941   
     16600   304.94096     -81172.687     -133041.63      10085.272      1.5115477     -0.75577383   
     16800   308.24163     -81058.457     -137860.25      10124.362      1.5091856     -0.75459278   
     17000   365.15858     -80963.158     -131957.89      10163.452      1.5084926     -0.75424631   
     17200   323.44571     -80902.372     -136137.63      10202.542      1.5040668     -0.7520334    
     17400   317.11144     -80823.425     -138448.99      10241.632      1.4974062     -0.74870311   
     17600   345.12444     -80761.657     -137715.22      10280.723      1.5016013     -0.75080064   
     17800   299.56201     -80683.752     -139847.58      10319.813      1.4889219     -0.74446094   
     18000   297.71431     -80572.1       -136973.8       10358.903      1.4904912     -0.74524559   
     18200   291.18802     -80434.154     -145562.53      10397.993      1.4796937     -0.73984687   
     18400   291.6662      -80256.307     -147456.31      10437.083      1.4809707     -0.74048537   
     18600   307.7397      -80051.586     -141415.16      10476.174      1.4723849     -0.73619246   
     18800   415.44471     -79958.965     -142024.54      10515.264      1.4763744     -0.73818722   
     19000   338.46826     -79929.811     -142751.08      10554.354      1.4742005     -0.73710026   
     19200   333.84815     -79895.881     -139564.15      10593.444      1.4740796     -0.73703981   
     19400   338.22292     -79863.509     -144826.5       10632.534      1.4665373     -0.73326865   
     19600   329.03693     -79804.68      -144375.7       10671.625      1.468999      -0.73449952   
     19800   308.337       -79737.472     -145201.4       10710.715      1.4632471     -0.73162357   
     20000   293.64232     -79635.573     -149976.57      10749.805      1.4551456     -0.72757278   
     20200   279.10484     -79486.124     -148820.62      10788.895      1.4541274     -0.7270637    
     20400   278.19114     -79290.422     -149961.8       10827.985      1.4520633     -0.72603164   
     20600   359.9562      -79082.438     -145560.89      10867.076      1.4458345     -0.72291723   
     20800   426.62316     -79075.684     -142901.58      10906.166      1.4490261     -0.72451304   
     21000   517.35427     -79246.988     -126329.56      10945.256      1.4701245     -0.73506224   
     21200   589.33394     -79580.675     -115016.84      10984.346      1.4897311     -0.74486553   
     21400   755.52684     -80161.454     -76789.055      11023.436      1.5400573     -0.77002867   
     21600   752.7289      -81183.766     -52450.82       11062.527      1.6065284     -0.80326422   
     21800   702.32616     -82111.845     -38412.654      11101.617      1.6640938     -0.83204689   
     22000   566.24107     -82940.663     -15726.474      11140.707      1.7375563     -0.86877815   
     22200   491.12551     -83593.544      1168.4436      11179.797      1.7880668     -0.8940334    
     22400   348.82981     -84027.834      6967.3689      11218.887      1.809586      -0.90479301   
     22600   272.51205     -84240.454      13670.619      11257.978      1.832137      -0.91606848   
     22800   265.77625     -84294.99       7282.3465      11297.068      1.8142102     -0.90710512   
     23000   283.0471      -84267.282      3046.9745      11336.158      1.8137564     -0.9068782    
     23200   322.33353     -84208.96       773.567        11375.248      1.8008033     -0.90040163   
     23400   331.42298     -84250.972      5667.1036      11414.338      1.8100762     -0.9050381    
     23600   295.71197     -84341.554     -7438.4676      11453.429      1.787896      -0.89394798   
     23800   270.36895     -84396.721     -2282.7809      11492.519      1.7929543     -0.89647716   
     24000   292.03742     -84385.791      1361.9378      11531.609      1.803708      -0.90185399   
     24200   318.17202     -84345.763      246.34708      11570.699      1.8081907     -0.90409536   
     24400   298.81025     -84351.957      2598.0346      11609.789      1.806341      -0.90317052   
     24600   303.61987     -84384.041      7211.8419      11648.88       1.8130831     -0.90654154   
     24800   298.48369     -84402.455      4040.7994      11687.97       1.8111576     -0.90557882   
     25000   297.27185     -84417.361      2404.6029      11727.06       1.8104492     -0.90522461   
     25200   281.98255     -84400.987     -747.08747      11766.15       1.8034712     -0.90173559   
     25400   300.60714     -84354.389      878.43823      11805.24       1.8022161     -0.90110805   
     25600   327.17135     -84313.416     -276.33966      11844.331      1.8137345     -0.90686725   
     25800   313.10939     -84332.939     -527.01998      11883.421      1.8058045     -0.90290224   
     26000   306.10664     -84387.827      3588.4644      11922.511      1.8068638     -0.90343192   
     26200   284.97044     -84435.498      1233.1741      11961.601      1.7992046     -0.89960231   
     26400   287.07278     -84453.768      6583.9484      12000.691      1.8077961     -0.90389804   
     26600   282.16687     -84417.923      2379.7247      12039.782      1.8136496     -0.90682479   
     26800   309.23986     -84358.734      2364.9552      12078.872      1.8100818     -0.90504092   
     27000   318.84925     -84318.852      1894.4385      12117.962      1.8058896     -0.90294478   
     27200   309.18507     -84332.088     -1299.8551      12157.052      1.8046135     -0.90230677   
     27400   297.74816     -84372.193     -3984.6905      12196.142      1.7955899     -0.89779494   
     27600   303.63424     -84408.148     -2552.3381      12235.233      1.8050885     -0.90254427   
     27800   284.80454     -84409.164     -3471.8228      12274.323      1.8059477     -0.90297383   
     28000   308.43018     -84376.626      3007.135       12313.413      1.8071329     -0.90356644   
     28200   300.38346     -84355.438      5061.6233      12352.503      1.817002      -0.90850101   
     28400   295.5317      -84363.976      3841.0523      12391.593      1.8128218     -0.9064109    
     28600   286.48925     -84393.371      4041.0095      12430.684      1.80148       -0.90074002   
     28800   290.33465     -84412.598      2907.7031      12469.774      1.8100145     -0.90500725   
     29000   282.59407     -84405.326      1412.4407      12508.864      1.816345      -0.90817251   
     29200   305.56074     -84367.339      1193.9864      12547.954      1.8053687     -0.90268436   
     29400   319.50445     -84340.244      596.89996      12587.044      1.8062402     -0.90312012   
     29600   309.99401     -84343.74      -999.34528      12626.135      1.8078094     -0.90390469   
     29800   289.17476     -84372.189      945.77415      12665.225      1.8093692     -0.9046846    
     30000   303.53031     -84408.045      2763.6918      12704.315      1.8170603     -0.90853016   
Loop time of 424.869 on 8 procs for 25000 steps with 576 atoms

Performance: 2.542 ns/day, 9.442 hours/ns, 58.842 timesteps/s, 33.893 katom-step/s
783.6% CPU use with 1 MPI tasks x 8 OpenMP threads

MPI task timing breakdown:
Section |  min time  |  avg time  |  max time  |%varavg| %total
---------------------------------------------------------------
Pair    | 261.88     | 261.88     | 261.88     |   0.0 | 61.64
Bond    | 0.0054051  | 0.0054051  | 0.0054051  |   0.0 |  0.00
Neigh   | 48.58      | 48.58      | 48.58      |   0.0 | 11.43
Comm    | 1.4688     | 1.4688     | 1.4688     |   0.0 |  0.35
Output  | 15.729     | 15.729     | 15.729     |   0.0 |  3.70
Modify  | 97.072     | 97.072     | 97.072     |   0.0 | 22.85
Other   |            | 0.1327     |            |       |  0.03

Nlocal:            576 ave         576 max         576 min
Histogram: 1 0 0 0 0 0 0 0 0 0
Nghost:           4402 ave        4402 max        4402 min
Histogram: 1 0 0 0 0 0 0 0 0 0
Neighs:         190643 ave      190643 max      190643 min
Histogram: 1 0 0 0 0 0 0 0 0 0

Total # of neighbors = 190643
Ave neighs/atom = 330.97743
Ave special neighs/atom = 0
Neighbor list builds = 5000
Dangerous builds not checked
System init for write_data ...
Last active /omp style is pair_style reaxff/omp
