  using 8 OpenMP thread(s) per MPI task
using multi-threaded neighbor list subroutines
Reading data file ...
  orthogonal box = (-3.1662119 2.4397298 1.5469185) to (23.75179 18.145848 19.038659)
  1 by 1 by 1 MPI processor grid
  reading atom labelmap ...
  reading atoms ...
  576 atoms
  reading velocities ...
  576 velocities
Finding 1-2 1-3 1-4 neighbors ...
  special bond factors lj:    0        0        0       
  special bond factors coul:  0        0        0       
     0 = max # of 1-2 neighbors
     0 = max # of 1-3 neighbors
     0 = max # of 1-4 neighbors
     1 = max # of special neighbors
  special bonds CPU = 0.000 seconds
  read_data CPU = 0.009 seconds
WARNING: Van der Waals parameters for element SI indicate inner wall+shielding, but earlier atoms indicate a different van der Waals method. This may cause division-by-zero errors. Keeping van der Waals setting for earlier atoms. (src/REAXFF/reaxff_ffield.cpp:249)
WARNING: Van der Waals parameters for element AL indicate inner wall+shielding, but earlier atoms indicate a different van der Waals method. This may cause division-by-zero errors. Keeping van der Waals setting for earlier atoms. (src/REAXFF/reaxff_ffield.cpp:249)
WARNING: Changed valency_val to valency_boc for X (src/REAXFF/reaxff_ffield.cpp:294)
192 atoms in group grpSi
384 atoms in group grpO
WARNING: Resetting reneighboring criteria to 'delay 0 every 5 check no' due to fix reaxff/species averaging of bond data (src/REAXFF/fix_reaxff_species.cpp:126)
Last active /omp style is pair_style reaxff/omp
Neighbor list info ...
  update: every = 5 steps, delay = 0 steps, check = no
  max neighbors/atom: 2000, page size: 100000
  master list distance cutoff = 12
  ghost atom cutoff = 12
  binsize = 6, bins = 5 3 3
  2 neighbor lists, perpetual/occasional/extra = 2 0 0
  (1) pair reaxff/omp, perpetual
      attributes: half, newton off, ghost, omp
      pair build: half/bin/newtoff/ghost/omp
      stencil: full/ghost/bin/3d
      bin: standard
  (2) fix qeq/reaxff/omp, perpetual, copy from (1)
      attributes: half, newton off
      pair build: copy
      stencil: none
      bin: none
Setting up Verlet run ...
  Unit style    : real
  Current step  : 0
  Time step     : 0.5
Per MPI rank memory allocation (min/avg/max) = 263.6 | 263.6 | 263.6 Mbytes
   Step          Temp          TotEng         Press          Volume         v_qSi           v_qO     
         0   300           -82752.034      324297.89      7395.1112      1.8719626     -0.93598128   
       200   819.50446     -83854.058     -3716.5788      8223.4144      1.8111413     -0.90557065   
       400   596.8362      -84660.844     -3935.9523      8128.1921      1.8334564     -0.9167282    
       600   465.46641     -85195.315     -448.70997      7885.4104      1.8566975     -0.92834877   
       800   369.0431      -85542.071     -4118.4041      7871.2592      1.8472385     -0.92361924   
      1000   298.82255     -85759.027     -3709.124       7825.1509      1.8652372     -0.93261862   
      1200   258.54845     -85871.346      8053.84        7786.329       1.8810215     -0.94051076   
      1400   281.91803     -85881.257      951.74523      7820.5454      1.8824887     -0.94124437   
      1600   289.51901     -85811.548      824.67832      7824.6528      1.8706645     -0.93533227   
      1800   318.88635     -85721.203     -6634.6355      7868.3371      1.8533588     -0.92667939   
      2000   324.03995     -85686.574     -3898.1947      7829.4136      1.8634166     -0.93170832   
      2200   312.2404      -85733.981      4713.5417      7835.7822      1.8673831     -0.93369154   
      2400   285.13732     -85812.683     -368.04787      7827.8202      1.863037      -0.9315185    
      2600   285.40012     -85854.139      3903.7369      7800.5678      1.8727733     -0.93638663   
      2800   273.52272     -85833.213     -4952.1796      7868.7089      1.8655336     -0.93276681   
      3000   307.57633     -85766.785      538.13732      7826.105       1.865173      -0.93258649   
      3200   306.41605     -85717.767      1189.8279      7849.9401      1.8759544     -0.9379772    
      3400   321.81963     -85716.46      -2698.3561      7819.2077      1.8662759     -0.93313794   
      3600   299.58609     -85775.022      4849.7412      7806.5302      1.8706332     -0.93531662   
      3800   273.40435     -85829.217     -6184.63        7858.0642      1.8623197     -0.93115983   
      4000   275.23723     -85839.468      5905.383       7844.5148      1.8673897     -0.93369483   
      4200   289.25071     -85795.918     -273.66316      7801.1464      1.8756005     -0.93780026   
      4400   293.10117     -85744.026      1574.7631      7815.9593      1.8734772     -0.93673862   
      4600   323.22485     -85724.313      3557.8749      7834.2151      1.8697306     -0.93486528   
      4800   311.75768     -85755.281      1423.9138      7831.6901      1.8708916     -0.93544581   
      5000   281.27389     -85805.896      876.54534      7832.7565      1.869295      -0.93464748   
Loop time of 271.632 on 8 procs for 5000 steps with 576 atoms

Performance: 0.795 ns/day, 30.181 hours/ns, 18.407 timesteps/s, 10.603 katom-step/s
807.4% CPU use with 1 MPI tasks x 8 OpenMP threads

MPI task timing breakdown:
Section |  min time  |  avg time  |  max time  |%varavg| %total
---------------------------------------------------------------
Pair    | 156.91     | 156.91     | 156.91     |   0.0 | 57.77
Bond    | 0.0017008  | 0.0017008  | 0.0017008  |   0.0 |  0.00
Neigh   | 37.555     | 37.555     | 37.555     |   0.0 | 13.83
Comm    | 0.7483     | 0.7483     | 0.7483     |   0.0 |  0.28
Output  | 7.6036     | 7.6036     | 7.6036     |   0.0 |  2.80
Modify  | 68.757     | 68.757     | 68.757     |   0.0 | 25.31
Other   |            | 0.0575     |            |       |  0.02

Nlocal:            576 ave         576 max         576 min
Histogram: 1 0 0 0 0 0 0 0 0 0
Nghost:           5691 ave        5691 max        5691 min
Histogram: 1 0 0 0 0 0 0 0 0 0
Neighs:         240170 ave      240170 max      240170 min
Histogram: 1 0 0 0 0 0 0 0 0 0

Total # of neighbors = 240170
Ave neighs/atom = 416.96181
Ave special neighs/atom = 0
Neighbor list builds = 1000
Dangerous builds not checked
System init for write_data ...
Last active /omp style is pair_style reaxff/omp
