  using 8 OpenMP thread(s) per MPI task
using multi-threaded neighbor list subroutines
Reading data file ...
  orthogonal box = (-33.421539 -11.140513 -11.140513) to (33.421539 11.140513 11.140513)
  1 by 1 by 1 MPI processor grid
  reading atom labelmap ...
  reading bond labelmap ...
  reading angle labelmap ...
  reading dihedral labelmap ...
  reading atoms ...
  3150 atoms
  reading velocities ...
  3150 velocities
  scanning bonds ...
  5 = max bonds/atom
  scanning angles ...
  7 = max angles/atom
  orthogonal box = (-33.421539 -11.140513 -11.140513) to (33.421539 11.140513 11.140513)
  1 by 1 by 1 MPI processor grid
  reading bonds ...
  2100 bonds
  reading angles ...
  1050 angles
Finding 1-2 1-3 1-4 neighbors ...
  special bond factors lj:    0        0        0.5     
  special bond factors coul:  0        0        1       
     2 = max # of 1-2 neighbors
     1 = max # of 1-3 neighbors
     1 = max # of 1-4 neighbors
  2100 = # of 1-3 neighbors before angle trim
  2100 = # of 1-3 neighbors after angle trim
  2100 = # of 1-4 neighbors before dihedral trim
  0 = # of 1-4 neighbors after dihedral trim
    16 = max # of special neighbors
  special bonds CPU = 0.002 seconds
  read_data CPU = 0.091 seconds
Read molecule template pegmol:
# LAMMPS molecule file for peg
  1 molecules
  0 fragments
  101 atoms with max type 6
  100 bonds with max type 6
  183 angles with max type 7
  210 dihedrals with max type 4
  0 impropers with max type 0
Created 101 atoms
  using lattice units in orthogonal box = (-33.421539 -11.140513 -11.140513) to (33.421539 11.140513 11.140513)
  create_atoms CPU = 0.000 seconds
3150 atoms in group H2O
101 atoms in group PEG
System init for delete_atoms ...
PPPM initialization ...
  using 12-bit tables for long-range coulomb (src/kspace.cpp:342)
  G vector (1/distance) = 0.29997426
  grid = 45 20 20
  stencil order = 5
  estimated absolute RMS force accuracy = 0.0037491324
  estimated relative force accuracy = 1.1290401e-05
  using double precision KISS FFT
  3d grid and FFT values/proc = 37908 18000
Generated 28 of 28 mixed pair_coeff terms from geometric mixing rule
Last active /omp style is kspace_style pppm/omp
Neighbor list info ...
  update: every = 1 steps, delay = 0 steps, check = yes
  max neighbors/atom: 2000, page size: 100000
  master list distance cutoff = 12
  ghost atom cutoff = 12
  binsize = 6, bins = 12 4 4
  2 neighbor lists, perpetual/occasional/extra = 1 1 0
  (1) command delete_atoms, occasional
      attributes: full, newton on, omp
      pair build: full/bin/omp
      stencil: full/bin/3d
      bin: standard
  (2) pair lj/cut/coul/long/omp, perpetual
      attributes: half, newton on, omp
      pair build: half/bin/newton/omp
      stencil: half/bin/3d
      bin: standard
WARNING: Ignoring 'compress yes' for molecular system (src/delete_atoms.cpp:141)
Deleted 180 atoms, new total = 3071
Deleted 120 bonds, new total = 2080
Deleted 60 angles, new total = 1173
Deleted 0 dihedrals, new total = 210
PPPM initialization ...
  using 12-bit tables for long-range coulomb (src/kspace.cpp:342)
  G vector (1/distance) = 0.29997346
  grid = 45 20 20
  stencil order = 5
  estimated absolute RMS force accuracy = 0.0036374382
  estimated relative force accuracy = 1.0954037e-05
  using double precision KISS FFT
  3d grid and FFT values/proc = 37908 18000
Generated 28 of 28 mixed pair_coeff terms from geometric mixing rule
Last active /omp style is kspace_style pppm/omp
Neighbor list info ...
  update: every = 1 steps, delay = 0 steps, check = yes
  max neighbors/atom: 2000, page size: 100000
  master list distance cutoff = 12
  ghost atom cutoff = 12
  binsize = 6, bins = 12 4 4
  1 neighbor lists, perpetual/occasional/extra = 1 0 0
  (1) pair lj/cut/coul/long/omp, perpetual
      attributes: half, newton on, omp
      pair build: half/bin/newton/omp
      stencil: half/bin/3d
      bin: standard
Setting up Verlet run ...
  Unit style    : real
  Current step  : 0
  Time step     : 1
Per MPI rank memory allocation (min/avg/max) = 42.18 | 42.18 | 42.18 Mbytes
   Step          Temp          E_pair         E_mol          TotEng         Press          Volume    
         0   291.78239     -10236.002      1263.5493     -6302.3271      37.486953      33183.852    
       500   302.12526     -10307.715      1163.1927     -6379.7483      336.99942      33204.973    
      1000   306.11469     -10467.685      1215.9734     -6450.4297      832.44728      32850.986    
      1500   303.10036     -10430.243      1172.9938     -6483.551       226.62102      32592.478    
      2000   301.40996     -10490.286      1219.309      -6512.7479      195.84692      32055.149    
      2500   294.1799      -10615.576      1234.802      -6688.7086     -100.28129      32031.929    
      3000   297.15695     -10607.885      1265.7608     -6622.8154     -311.58892      32051.871    
      3500   299.19379     -10449.859      1225.6064     -6486.3039     -84.122006      32096.794    
      4000   305.28444     -10602.797      1220.9529     -6588.1596      162.86033      32072.112    
      4500   301.67706     -10578.272      1186.4775     -6631.1213      435.37434      31928.352    
      5000   292.3757      -10516.438      1229.3905     -6611.4916      64.327156      32296.717    
      5500   306.55898     -10365.286      1193.237      -6366.7012      248.2457       32604.203    
      6000   296.96912     -10474.492      1222.0386     -6534.8633      208.99959      32700.843    
      6500   299.88634     -10550.556      1234.8653     -6571.4047      405.25614      32377.711    
      7000   308.00188     -10528.72       1261.2077     -6448.9607      53.003034      32421.975    
      7500   306.30914     -10482.701      1243.4406     -6436.1986      793.40238      32141.146    
      8000   297.17558     -10624.589      1257.0931     -6648.0162      380.34225      32103.589    
      8500   306.15651     -10698.126      1245.9863     -6650.4754     -485.77376      32646.531    
      9000   305.24667     -10478.354      1296.3313     -6388.6834     -718.13553      32406.107    
      9500   290.93922     -10519.965      1237.1271     -6620.4278     -16.613598      32354.772    
     10000   289.72108     -10505.156      1279.3446     -6574.5482      34.473672      32421.567    
Loop time of 192.061 on 8 procs for 10000 steps with 3071 atoms

Performance: 4.499 ns/day, 5.335 hours/ns, 52.067 timesteps/s, 159.898 katom-step/s
810.2% CPU use with 1 MPI tasks x 8 OpenMP threads

MPI task timing breakdown:
Section |  min time  |  avg time  |  max time  |%varavg| %total
---------------------------------------------------------------
Pair    | 66.576     | 66.576     | 66.576     |   0.0 | 34.66
Bond    | 1.1974     | 1.1974     | 1.1974     |   0.0 |  0.62
Kspace  | 86.39      | 86.39      | 86.39      |   0.0 | 44.98
Neigh   | 9.3118     | 9.3118     | 9.3118     |   0.0 |  4.85
Comm    | 2.7581     | 2.7581     | 2.7581     |   0.0 |  1.44
Output  | 5.6021     | 5.6021     | 5.6021     |   0.0 |  2.92
Modify  | 19.896     | 19.896     | 19.896     |   0.0 | 10.36
Other   |            | 0.3287     |            |       |  0.17

Nlocal:           3071 ave        3071 max        3071 min
Histogram: 1 0 0 0 0 0 0 0 0 0
Nghost:          14993 ave       14993 max       14993 min
Histogram: 1 0 0 0 0 0 0 0 0 0
Neighs:    1.05166e+06 ave 1.05166e+06 max 1.05166e+06 min
Histogram: 1 0 0 0 0 0 0 0 0 0

Total # of neighbors = 1051661
Ave neighs/atom = 342.44904
Ave special neighs/atom = 2.2552914
Neighbor list builds = 564
Dangerous builds = 0
System init for write_data ...
PPPM initialization ...
  using 12-bit tables for long-range coulomb (src/kspace.cpp:342)
  G vector (1/distance) = 0.3006474
  grid = 45 20 20
  stencil order = 5
  estimated absolute RMS force accuracy = 0.0035338045
  estimated relative force accuracy = 1.0641947e-05
  using double precision KISS FFT
  3d grid and FFT values/proc = 37908 18000
Generated 28 of 28 mixed pair_coeff terms from geometric mixing rule
Last active /omp style is kspace_style pppm/omp
