  using 8 OpenMP thread(s) per MPI task
using multi-threaded neighbor list subroutines
Reading restart file ...
  restart file = 29 Aug 2024, LAMMPS = 29 Aug 2024
  restoring atom style full from restart
  orthogonal box = (-21.616153 -11.17324 -11.17324) to (21.616153 11.17324 11.17324)
  1 by 1 by 1 MPI processor grid
  restoring pair style lj/cut/coul/long/omp from restart
  restoring bond style harmonic/omp from restart
  restoring angle style harmonic/omp from restart
  restoring dihedral style harmonic/omp from restart
  2063 atoms
  1394 bonds
  772 angles
  116 dihedrals
Finding 1-2 1-3 1-4 neighbors ...
  special bond factors lj:    0        0        0.5     
  special bond factors coul:  0        0        1       
     4 = max # of 1-2 neighbors
     6 = max # of 1-3 neighbors
    12 = max # of 1-4 neighbors
    15 = max # of special neighbors
  special bonds CPU = 0.001 seconds
  read_restart CPU = 0.002 seconds
2 atoms in group ends
1 atoms in group topull1
1 atoms in group topull2

CITE-CITE-CITE-CITE-CITE-CITE-CITE-CITE-CITE-CITE-CITE-CITE-CITE

Your simulation uses code contributions which should be cited:
- Type Label Framework: https://doi.org/10.1021/acs.jpcb.3c08419
The log file lists these citations in BibTeX format.

CITE-CITE-CITE-CITE-CITE-CITE-CITE-CITE-CITE-CITE-CITE-CITE-CITE

Ewald initialization ...
  using 12-bit tables for long-range coulomb (src/kspace.cpp:342)
  G vector (1/distance) = 0.29602986
  estimated absolute RMS force accuracy = 0.0035114367
  estimated relative force accuracy = 1.0574587e-05
  KSpace vectors: actual max1d max3d = 1354 12 7812
                  kxmax kymax kzmax  = 12 7 7
Generated 28 of 28 mixed pair_coeff terms from geometric mixing rule
Unused restart file global fix info:
  fix style: npt, fix ID: mynpt
Last active /omp style is kspace_style ewald/omp
Neighbor list info ...
  update: every = 1 steps, delay = 0 steps, check = yes
  max neighbors/atom: 2000, page size: 100000
  master list distance cutoff = 12
  ghost atom cutoff = 12
  binsize = 6, bins = 8 4 4
  1 neighbor lists, perpetual/occasional/extra = 1 0 0
  (1) pair lj/cut/coul/long/omp, perpetual
      attributes: half, newton on, omp
      pair build: half/bin/newton/omp
      stencil: half/bin/3d
      bin: standard
Setting up Verlet run ...
  Unit style    : real
  Current step  : 25000
  Time step     : 1
Per MPI rank memory allocation (min/avg/max) = 39.21 | 39.21 | 39.21 Mbytes
   Step          Temp          TotEng         c_rgyr    
     25000   304.18607     -4398.1197      4.479019     
     25250   296.84939     -4529.5212      4.4371153    
     25500   305.62385     -4478.779       4.5126738    
     25750   308.15036     -4333.079       4.6518907    
     26000   298.61776     -4443.8831      4.5659512    
     26250   297.07293     -4525.9123      4.5666078    
     26500   299.23356     -4418.8218      4.5250422    
     26750   304.25316     -4422.1022      4.6533961    
     27000   307.39577     -4384.5121      4.5998814    
     27250   286.71088     -4503.2092      4.5105288    
     27500   304.1643      -4404.6281      4.4169172    
     27750   303.78384     -4423.6         4.4822463    
     28000   294.06902     -4411.8133      4.436064     
     28250   304.70142     -4418.4238      4.4513526    
     28500   297.3573      -4484.322       4.5407114    
     28750   296.92519     -4581.0174      4.5438287    
     29000   303.30964     -4463.0348      4.5353541    
     29250   296.67699     -4513.0055      4.6265956    
     29500   300.43474     -4466.6236      4.7774556    
     29750   290.38261     -4452.761       4.6507273    
     30000   290.43816     -4588.8389      4.5587645    
     30250   295.74669     -4491.9976      4.6766884    
     30500   302.51625     -4458.8448      4.7642657    
     30750   299.30114     -4553.8347      4.5743576    
     31000   300.96608     -4467.1883      4.5323446    
     31250   300.49041     -4494.4324      4.5901158    
     31500   292.73934     -4553.8682      4.4864881    
     31750   303.5755      -4474.8216      4.6109307    
     32000   303.34078     -4475.7486      4.8236793    
     32250   294.24366     -4571.7714      5.0505554    
     32500   301.53266     -4498.2731      4.9203846    
     32750   300.21013     -4497.8015      4.614289     
     33000   301.40897     -4402.6119      4.520388     
     33250   289.2279      -4479.7774      4.6839504    
     33500   306.46105     -4412.4336      4.6885824    
     33750   294.53657     -4513.4714      4.5189914    
     34000   304.81586     -4398.3691      4.370066     
     34250   303.11617     -4468.1112      4.373024     
     34500   299.01244     -4600.4182      4.4105894    
     34750   310.98271     -4479.145       4.2392324    
     35000   304.64869     -4498.64        4.2828635    
     35250   294.29147     -4561.9111      4.3782272    
     35500   298.64753     -4495.0521      4.340067     
     35750   308.59982     -4482.5656      4.1617236    
     36000   297.61635     -4518.8697      4.0911456    
     36250   293.68039     -4544.8899      4.0009546    
     36500   300.41097     -4483.2407      4.1037935    
     36750   297.89881     -4501.4673      4.1474304    
     37000   298.73462     -4459.4889      4.2002959    
     37250   304.9596      -4431.1399      4.0540952    
     37500   304.92019     -4496.9386      3.9757101    
     37750   302.84134     -4484.7393      3.8040014    
     38000   290.59798     -4602.2886      3.9112685    
     38250   301.69252     -4470.0192      4.0271568    
     38500   298.42966     -4490.2447      3.9259955    
     38750   300.36876     -4421.9258      4.0706865    
     39000   304.193       -4416.0186      4.2072828    
     39250   302.47274     -4489.5272      4.1938196    
     39500   309.73671     -4396.9159      4.2907682    
     39750   306.57975     -4460.04        4.2919784    
     40000   294.31527     -4544.1067      4.2758158    
Loop time of 75.1787 on 8 procs for 15000 steps with 2063 atoms

Performance: 17.239 ns/day, 1.392 hours/ns, 199.525 timesteps/s, 411.619 katom-step/s
730.0% CPU use with 1 MPI tasks x 8 OpenMP threads

MPI task timing breakdown:
Section |  min time  |  avg time  |  max time  |%varavg| %total
---------------------------------------------------------------
Pair    | 18.013     | 18.013     | 18.013     |   0.0 | 23.96
Bond    | 0.2021     | 0.2021     | 0.2021     |   0.0 |  0.27
Kspace  | 44.013     | 44.013     | 44.013     |   0.0 | 58.54
Neigh   | 2.3847     | 2.3847     | 2.3847     |   0.0 |  3.17
Comm    | 0.69583    | 0.69583    | 0.69583    |   0.0 |  0.93
Output  | 8.8647     | 8.8647     | 8.8647     |   0.0 | 11.79
Modify  | 0.9477     | 0.9477     | 0.9477     |   0.0 |  1.26
Other   |            | 0.05824    |            |       |  0.08

Nlocal:           2063 ave        2063 max        2063 min
Histogram: 1 0 0 0 0 0 0 0 0 0
Nghost:          11850 ave       11850 max       11850 min
Histogram: 1 0 0 0 0 0 0 0 0 0
Neighs:         712008 ave      712008 max      712008 min
Histogram: 1 0 0 0 0 0 0 0 0 0

Total # of neighbors = 712008
Ave neighs/atom = 345.13233
Ave special neighs/atom = 2.2171595
Neighbor list builds = 793
Dangerous builds = 0
Ewald initialization ...
  using 12-bit tables for long-range coulomb (src/kspace.cpp:342)
  G vector (1/distance) = 0.29602986
  estimated absolute RMS force accuracy = 0.0035114367
  estimated relative force accuracy = 1.0574587e-05
  KSpace vectors: actual max1d max3d = 1354 12 7812
                  kxmax kymax kzmax  = 12 7 7
Generated 28 of 28 mixed pair_coeff terms from geometric mixing rule
Last active /omp style is kspace_style ewald/omp
Setting up Verlet run ...
  Unit style    : real
  Current step  : 40000
  Time step     : 1
Per MPI rank memory allocation (min/avg/max) = 40.48 | 40.48 | 40.48 Mbytes
   Step          Temp          TotEng         c_rgyr    
     40000   294.31527     -4544.1067      4.2758158    
     40250   310.05228     -4399.1457      4.0373102    
     40500   308.08489     -4512.1739      4.0886662    
     40750   300.91336     -4602.1864      4.6338815    
     41000   304.17615     -4590.457       5.4201829    
     41250   297.89992     -4675.3531      6.4184122    
     41500   297.44277     -4515.7456      7.4062346    
     41750   297.66669     -4529.865       8.3094299    
     42000   311.01279     -4379.5945      8.8442161    
     42250   294.28039     -4489.8794      8.4796861    
     42500   294.44245     -4517.9196      8.7437604    
     42750   303.09212     -4406.0158      8.7853058    
     43000   291.82352     -4455.3133      8.6145876    
     43250   294.30748     -4556.7818      8.8078375    
     43500   301.76124     -4535.5464      8.6574229    
     43750   297.77726     -4578.1434      8.6494811    
     44000   287.99377     -4617.7477      8.6511349    
     44250   304.44373     -4538.7954      8.9945322    
     44500   302.9821      -4464.4639      8.6566164    
     44750   290.57714     -4521.6065      8.7816804    
     45000   300.07997     -4568.7651      8.8022705    
     45250   303.20217     -4587.0787      8.7057208    
     45500   303.32483     -4515.2098      8.825597     
     45750   303.16651     -4620.1933      8.7036983    
     46000   302.90501     -4525.4948      8.7939802    
     46250   297.23971     -4500.3814      8.8140883    
     46500   305.14964     -4388.7226      8.8147388    
     46750   299.40607     -4490.3469      8.5264937    
     47000   295.88212     -4578.923       8.7785652    
     47250   303.68374     -4479.588       8.8035335    
     47500   302.37596     -4450.7284      8.5585558    
     47750   297.60132     -4522.6443      8.8550792    
     48000   295.96983     -4590.1048      8.7358331    
     48250   295.89281     -4526.1574      8.6970846    
     48500   303.26127     -4531.7123      8.7924009    
     48750   293.13751     -4544.3009      8.6909184    
     49000   299.43663     -4501.1148      8.7263284    
     49250   305.13227     -4464.6585      8.7685925    
     49500   290.55588     -4524.8628      8.7580805    
     49750   301.22035     -4467.9672      8.7114997    
     50000   310.53891     -4476.6041      8.7151038    
     50250   300.41954     -4498.7895      8.6038267    
     50500   288.43349     -4599.7375      8.4688742    
     50750   299.38951     -4478.7245      8.7108474    
     51000   298.13692     -4524.3718      8.7660173    
     51250   304.11421     -4386.3756      8.8130334    
     51500   294.06956     -4491.4932      8.7530673    
     51750   305.43431     -4483.4605      8.8900167    
     52000   301.83965     -4572.7613      8.8014768    
     52250   305.11349     -4489.1328      8.7785035    
     52500   301.36728     -4586.5059      8.7360025    
     52750   309.90399     -4473.8263      8.733207     
     53000   295.347       -4550.8427      8.6810796    
     53250   296.50119     -4645.0275      8.7951298    
     53500   295.25302     -4594.8043      8.6846105    
     53750   300.33168     -4520.8318      8.5714815    
     54000   300.45676     -4558.867       8.697359     
     54250   296.9782      -4604.4531      8.7516948    
     54500   301.6205      -4475.2729      8.7330169    
     54750   292.11666     -4525.95        8.5168121    
     55000   300.42012     -4436.6707      8.7212285    
Loop time of 80.6648 on 8 procs for 15000 steps with 2063 atoms

Performance: 16.066 ns/day, 1.494 hours/ns, 185.955 timesteps/s, 383.624 katom-step/s
734.7% CPU use with 1 MPI tasks x 8 OpenMP threads

MPI task timing breakdown:
Section |  min time  |  avg time  |  max time  |%varavg| %total
---------------------------------------------------------------
Pair    | 19.301     | 19.301     | 19.301     |   0.0 | 23.93
Bond    | 0.21615    | 0.21615    | 0.21615    |   0.0 |  0.27
Kspace  | 47.833     | 47.833     | 47.833     |   0.0 | 59.30
Neigh   | 2.5007     | 2.5007     | 2.5007     |   0.0 |  3.10
Comm    | 0.70398    | 0.70398    | 0.70398    |   0.0 |  0.87
Output  | 9.0184     | 9.0184     | 9.0184     |   0.0 | 11.18
Modify  | 1.0305     | 1.0305     | 1.0305     |   0.0 |  1.28
Other   |            | 0.06142    |            |       |  0.08

Nlocal:           2063 ave        2063 max        2063 min
Histogram: 1 0 0 0 0 0 0 0 0 0
Nghost:          11769 ave       11769 max       11769 min
Histogram: 1 0 0 0 0 0 0 0 0 0
Neighs:         713096 ave      713096 max      713096 min
Histogram: 1 0 0 0 0 0 0 0 0 0

Total # of neighbors = 713096
Ave neighs/atom = 345.65972
Ave special neighs/atom = 2.2171595
Neighbor list builds = 783
Dangerous builds = 0
